#BIND_OUTPUT version: 3.0



#---------------------- SYMMETRY ANALYSIS ----------------------

1 Elements are present. They are:
  1 Identity.
   Equivalent Atoms: 1 -> 1, 2 -> 2, 3 -> 3, 4 -> 4, 5 -> 5, 6 -> 6, 7 -> 7, 8 -> 8, 9 -> 9, 10 -> 10, 11 -> 11, 12 -> 12, 13 -> 13, 14 -> 14, 15 -> 15, 16 -> 16, 17 -> 17, 18 -> 18, 19 -> 19, 20 -> 20, 21 -> 21, 22 -> 22, 23 -> 23, 24 -> 24, 25 -> 25, 26 -> 26, 27 -> 27, 28 -> 28, 29 -> 29, 30 -> 30, 31 -> 31, 32 -> 32, 33 -> 33, 34 -> 34, 35 -> 35, 36 -> 36, 37 -> 37, 38 -> 38, 39 -> 39, 40 -> 40, 41 -> 41, 42 -> 42, 43 -> 43, 44 -> 44, 45 -> 45, 46 -> 46, 47 -> 47, 48 -> 48, 49 -> 49, 50 -> 50, 51 -> 51, 52 -> 52, 53 -> 53, 54 -> 54, 55 -> 55, 56 -> 56, 

Here are the  Non-Redundant Elements which are present:
Identity.
   Equivalent Atoms: 1 -> 1, 2 -> 2, 3 -> 3, 4 -> 4, 5 -> 5, 6 -> 6, 7 -> 7, 8 -> 8, 9 -> 9, 10 -> 10, 11 -> 11, 12 -> 12, 13 -> 13, 14 -> 14, 15 -> 15, 16 -> 16, 17 -> 17, 18 -> 18, 19 -> 19, 20 -> 20, 21 -> 21, 22 -> 22, 23 -> 23, 24 -> 24, 25 -> 25, 26 -> 26, 27 -> 27, 28 -> 28, 29 -> 29, 30 -> 30, 31 -> 31, 32 -> 32, 33 -> 33, 34 -> 34, 35 -> 35, 36 -> 36, 37 -> 37, 38 -> 38, 39 -> 39, 40 -> 40, 41 -> 41, 42 -> 42, 43 -> 43, 44 -> 44, 45 -> 45, 46 -> 46, 47 -> 47, 48 -> 48, 49 -> 49, 50 -> 50, 51 -> 51, 52 -> 52, 53 -> 53, 54 -> 54, 55 -> 55, 56 -> 56, 

;-----------------------------------------------------------------
Allocating approximately   889.22 Kbytes (    0.87 Meg).
Each matrix is:     0.00 meg.

; Number of orbitals
#Num_Orbitals: 119
Error value from Diagonalization (0 is good): 0

#	******* Energies (in eV)  and Occupation Numbers *******
1:--->  -35.6559  [2.000 Electrons]
2:--->  -34.3738  [2.000 Electrons]
3:--->  -34.2733  [2.000 Electrons]
4:--->  -33.9231  [2.000 Electrons]
5:--->  -28.7698  [2.000 Electrons]
6:--->  -28.6823  [2.000 Electrons]
7:--->   -27.562  [2.000 Electrons]
8:--->  -27.5184  [2.000 Electrons]
9:--->  -25.7792  [2.000 Electrons]
10:--->  -25.7288  [2.000 Electrons]
11:--->  -24.3627  [2.000 Electrons]
12:--->  -24.2918  [2.000 Electrons]
13:--->  -22.5323  [2.000 Electrons]
14:--->   -22.256  [2.000 Electrons]
15:--->  -21.8436  [2.000 Electrons]
16:--->  -21.7037  [2.000 Electrons]
17:--->  -20.5603  [2.000 Electrons]
18:--->   -20.269  [2.000 Electrons]
19:--->  -19.1881  [2.000 Electrons]
20:--->  -19.0738  [2.000 Electrons]
21:--->  -17.6612  [2.000 Electrons]
22:--->  -16.9371  [2.000 Electrons]
23:--->  -16.7221  [2.000 Electrons]
24:--->  -16.5174  [2.000 Electrons]
25:--->  -16.3481  [2.000 Electrons]
26:--->  -16.3046  [2.000 Electrons]
27:--->  -16.2054  [2.000 Electrons]
28:--->  -16.0694  [2.000 Electrons]
29:--->  -16.0087  [2.000 Electrons]
30:--->  -15.8561  [2.000 Electrons]
31:--->  -15.8026  [2.000 Electrons]
32:--->   -15.718  [2.000 Electrons]
33:--->  -15.6803  [2.000 Electrons]
34:--->  -15.6426  [2.000 Electrons]
35:--->  -15.5865  [2.000 Electrons]
36:--->  -15.4239  [2.000 Electrons]
37:--->  -15.2721  [2.000 Electrons]
38:--->  -15.1977  [2.000 Electrons]
39:--->  -15.1214  [2.000 Electrons]
40:--->  -15.0323  [2.000 Electrons]
41:--->  -14.9581  [2.000 Electrons]
42:--->  -14.9012  [2.000 Electrons]
43:--->  -14.8665  [2.000 Electrons]
44:--->  -14.8096  [2.000 Electrons]
45:--->  -14.7427  [2.000 Electrons]
46:--->  -14.7256  [2.000 Electrons]
47:--->  -14.6733  [2.000 Electrons]
48:--->   -14.646  [2.000 Electrons]
49:--->  -14.5384  [2.000 Electrons]
50:--->  -14.4104  [2.000 Electrons]
51:--->  -14.3615  [2.000 Electrons]
52:--->  -14.3435  [2.000 Electrons]
53:--->  -14.3269  [2.000 Electrons]
54:--->  -14.2723  [2.000 Electrons]
55:--->   -14.098  [2.000 Electrons]
56:--->   -14.009  [2.000 Electrons]
57:--->  -13.9466  [2.000 Electrons]
58:--->  -13.8467  [2.000 Electrons]
59:--->  -13.7174  [2.000 Electrons]
60:--->  -13.5214  [2.000 Electrons]
61:--->  -13.2232  [2.000 Electrons]
62:--->  -13.0788  [2.000 Electrons]
63:--->  -13.0005  [2.000 Electrons]
64:--->  -12.9789  [2.000 Electrons]
65:--->  -0.460434  [0.000 Electrons]
66:--->  -0.395449  [0.000 Electrons]
67:--->  0.935402  [0.000 Electrons]
68:--->  0.996734  [0.000 Electrons]
69:--->   1.04876  [0.000 Electrons]
70:--->   1.37306  [0.000 Electrons]
71:--->   1.76547  [0.000 Electrons]
72:--->   1.91717  [0.000 Electrons]
73:--->   2.16468  [0.000 Electrons]
74:--->   2.52735  [0.000 Electrons]
75:--->   2.68564  [0.000 Electrons]
76:--->   2.74012  [0.000 Electrons]
77:--->   2.84574  [0.000 Electrons]
78:--->   2.88412  [0.000 Electrons]
79:--->   2.95165  [0.000 Electrons]
80:--->   3.42004  [0.000 Electrons]
81:--->   3.92852  [0.000 Electrons]
82:--->   4.05482  [0.000 Electrons]
83:--->    4.6297  [0.000 Electrons]
84:--->   4.70986  [0.000 Electrons]
85:--->   5.09735  [0.000 Electrons]
86:--->   5.24387  [0.000 Electrons]
87:--->   5.39062  [0.000 Electrons]
88:--->   5.59586  [0.000 Electrons]
89:--->   5.62195  [0.000 Electrons]
90:--->   5.82672  [0.000 Electrons]
91:--->   6.18531  [0.000 Electrons]
92:--->   6.62121  [0.000 Electrons]
93:--->   6.78911  [0.000 Electrons]
94:--->   7.14953  [0.000 Electrons]
95:--->   7.49993  [0.000 Electrons]
96:--->   7.73905  [0.000 Electrons]
97:--->   7.86027  [0.000 Electrons]
98:--->   8.39868  [0.000 Electrons]
99:--->   8.76873  [0.000 Electrons]
100:--->   14.6211  [0.000 Electrons]
101:--->   16.1438  [0.000 Electrons]
102:--->   17.6431  [0.000 Electrons]
103:--->   20.0534  [0.000 Electrons]
104:--->   20.4355  [0.000 Electrons]
105:--->   24.1195  [0.000 Electrons]
106:--->   24.5184  [0.000 Electrons]
107:--->   25.8021  [0.000 Electrons]
108:--->   28.5814  [0.000 Electrons]
109:--->   29.1199  [0.000 Electrons]
110:--->   30.3798  [0.000 Electrons]
111:--->   31.6087  [0.000 Electrons]
112:--->   37.1867  [0.000 Electrons]
113:--->    37.376  [0.000 Electrons]
114:--->    40.792  [0.000 Electrons]
115:--->   41.0672  [0.000 Electrons]
116:--->   45.8259  [0.000 Electrons]
117:--->   46.3322  [0.000 Electrons]
118:--->   49.3854  [0.000 Electrons]
119:--->   49.5701  [0.000 Electrons]
Total_Energy:  -2354.9

# Characters of wavefunctions with respect to symmetry operations present.
;              1 
   1:--->  1.000 
   2:--->  1.000 
   3:--->  1.000 
   4:--->  1.000 
   5:--->  1.000 
   6:--->  1.000 
   7:--->  1.000 
   8:--->  1.000 
   9:--->  1.000 
  10:--->  1.000 
  11:--->  1.000 
  12:--->  1.000 
  13:--->  1.000 
  14:--->  1.000 
  15:--->  1.000 
  16:--->  1.000 
  17:--->  1.000 
  18:--->  1.000 
  19:--->  1.000 
  20:--->  1.000 
  21:--->  1.000 
  22:--->  1.000 
  23:--->  1.000 
  24:--->  1.000 
  25:--->  1.000 
  26:--->  1.000 
  27:--->  1.000 
  28:--->  1.000 
  29:--->  1.000 
  30:--->  1.000 
  31:--->  1.000 
  32:--->  1.000 
  33:--->  1.000 
  34:--->  1.000 
  35:--->  1.000 
  36:--->  1.000 
  37:--->  1.000 
  38:--->  1.000 
  39:--->  1.000 
  40:--->  1.000 
  41:--->  1.000 
  42:--->  1.000 
  43:--->  1.000 
  44:--->  1.000 
  45:--->  1.000 
  46:--->  1.000 
  47:--->  1.000 
  48:--->  1.000 
  49:--->  1.000 
  50:--->  1.000 
  51:--->  1.000 
  52:--->  1.000 
  53:--->  1.000 
  54:--->  1.000 
  55:--->  1.000 
  56:--->  1.000 
  57:--->  1.000 
  58:--->  1.000 
  59:--->  1.000 
  60:--->  1.000 
  61:--->  1.000 
  62:--->  1.000 
  63:--->  1.000 
  64:--->  1.000 
  65:--->  1.000 
  66:--->  1.000 
  67:--->  1.000 
  68:--->  1.000 
  69:--->  1.000 
  70:--->  1.000 
  71:--->  1.000 
  72:--->  1.000 
  73:--->  1.000 
  74:--->  1.000 
  75:--->  1.000 
  76:--->  1.000 
  77:--->  1.000 
  78:--->  1.000 
  79:--->  1.000 
  80:--->  1.000 
  81:--->  1.000 
  82:--->  1.000 
  83:--->  1.000 
  84:--->  1.000 
  85:--->  1.000 
  86:--->  1.000 
  87:--->  1.000 
  88:--->  1.000 
  89:--->  1.000 
  90:--->  1.000 
  91:--->  1.000 
  92:--->  1.000 
  93:--->  1.000 
  94:--->  1.000 
  95:--->  1.000 
  96:--->  1.000 
  97:--->  1.000 
  98:--->  1.000 
  99:--->  1.000 
 100:--->  1.000 
 101:--->  1.000 
 102:--->  1.000 
 103:--->  1.000 
 104:--->  1.000 
 105:--->  1.000 
 106:--->  1.000 
 107:--->  1.000 
 108:--->  1.000 
 109:--->  1.000 
 110:--->  1.000 
 111:--->  1.000 
 112:--->  1.000 
 113:--->  1.000 
 114:--->  1.000 
 115:--->  1.000 
 116:--->  1.000 
 117:--->  1.000 
 118:--->  1.000 
 119:--->  1.000 

;   Reduced Mulliken Overlap Population Matrix for 128.000 electrons:

              1        2        3        4        5        6        7      
  1        2.5929    
  2        0.7884      0.6586    
  3        0.7901      -0.0425     0.6556    
  4        0.7887      -0.0430     -0.0434     0.6597    
  5        0.7542      -0.0464     -0.0449     -0.0479     2.6187    
  6        -0.0502     -0.0045     0.0024      -0.0074     0.7944      0.6779    
  7        -0.0493     0.0024      -0.0068     -0.0045     0.7938      -0.0459     0.6741    
  8        -0.0534     -0.0074     -0.0045     0.0022      0.7557      -0.0513     -0.0485   
  9        -0.0064     0.0000      -0.0002     0.0001      -0.0494     -0.0065     0.0024    
  10       0.0022      0.0001      0.0000      -0.0000     -0.0514     -0.0069     -0.0066   
  11       -0.0095     -0.0006     -0.0026     0.0001      -0.0544     0.0021      -0.0064   
  12       -0.0004     0.0000      -0.0001     -0.0000     -0.0063     0.0001      -0.0001   
  13       -0.0026     -0.0003     -0.0010     -0.0000     -0.0079     0.0001      -0.0003   
  14       0.0001      -0.0000     0.0000      0.0000      0.0020      -0.0000     0.0001    
  15       -0.0000     -0.0000     0.0000      -0.0000     -0.0000     0.0000      -0.0000   
  16       -0.0000     0.0000      0.0000      -0.0000     -0.0000     0.0000      -0.0000   
  17       0.0000      -0.0000     -0.0000     0.0000      0.0000      -0.0000     0.0000    
  18       -0.0000     0.0000      -0.0000     -0.0000     -0.0000     0.0000      -0.0000   
  19       0.0000      0.0000      -0.0000     -0.0000     -0.0000     -0.0000     -0.0000   
  20       -0.0000     -0.0000     -0.0000     0.0000      -0.0000     0.0000      -0.0000   
  21       -0.0000     -0.0000     0.0000      -0.0000     0.0000      0.0000      0.0000    
  22       -0.0000     -0.0000     -0.0000     0.0000      0.0001      -0.0000     0.0000    
  23       0.0000      0.0000      0.0000      0.0000      0.0000      -0.0000     -0.0000   
  24       -0.0000     -0.0000     -0.0000     0.0000      0.0000      0.0000      0.0000    
  25       -0.0000     -0.0000     -0.0000     -0.0000     0.0000      -0.0000     0.0000    
  26       0.0000      -0.0000     -0.0000     -0.0000     -0.0001     -0.0000     -0.0000   
  27       -0.0000     -0.0000     -0.0000     0.0000      0.0000      0.0000      0.0000    
  28       0.0000      0.0000      0.0000      -0.0000     -0.0000     -0.0000     -0.0000   
  29       0.0000      -0.0000     -0.0000     -0.0000     -0.0000     -0.0000     -0.0000   
  30       -0.0000     0.0000      0.0000      -0.0000     0.0000      -0.0000     0.0000    
  31       0.0000      0.0000      -0.0000     0.0000      0.0000      0.0000      -0.0000   
  32       -0.0000     0.0000      -0.0000     0.0000      0.0000      -0.0000     0.0000    
  33       0.0000      -0.0000     0.0000      0.0000      -0.0000     0.0000      -0.0000   
  34       0.0000      -0.0000     0.0000      0.0000      -0.0007     0.0000      -0.0009   
  35       0.0000      0.0000      -0.0000     0.0000      0.0000      0.0000      -0.0001   
  36       -0.0000     -0.0000     0.0000      0.0000      -0.0000     0.0000      -0.0000   
  37       0.0000      0.0000      0.0000      0.0000      0.0000      -0.0000     0.0000    
  38       -0.0000     -0.0000     -0.0000     0.0000      -0.0004     0.0000      -0.0007   
  39       -0.0001     -0.0000     0.0000      -0.0000     -0.0007     -0.0000     0.0006    
  40       0.0000      0.0000      -0.0000     0.0000      0.0000      0.0000      -0.0000   
  41       0.0000      0.0000      -0.0000     0.0000      0.0000      0.0000      -0.0000   
  42       0.0000      -0.0000     0.0000      0.0000      -0.0002     0.0000      -0.0004   
  43       0.0000      -0.0000     0.0000      -0.0000     0.0000      0.0000      -0.0000   
  44       -0.0000     -0.0000     0.0000      0.0000      -0.0002     -0.0000     0.0002    
  45       0.0000      -0.0000     0.0000      -0.0000     0.0000      0.0000      -0.0001   
  46       0.0000      -0.0000     -0.0000     0.0000      -0.0000     -0.0000     -0.0000   
  47       -0.0000     0.0000      0.0000      -0.0000     0.0000      0.0000      -0.0000   
  48       0.0000      -0.0000     -0.0000     0.0000      -0.0013     -0.0008     -0.0007   
  49       -0.0000     -0.0000     0.0000      0.0000      -0.0014     -0.0003     -0.0005   
  50       0.0000      -0.0000     -0.0000     0.0000      -0.0002     -0.0001     -0.0001   
  51       0.0000      0.0000      -0.0000     -0.0000     0.0000      -0.0000     0.0000    
  52       0.0000      -0.0000     -0.0000     0.0000      -0.0000     -0.0000     -0.0000   
  53       -0.0000     0.0000      0.0000      -0.0000     0.0000      0.0000      0.0000    
  54       -0.0000     0.0000      0.0000      -0.0000     0.0000      0.0000      0.0000    
  55       0.0000      -0.0000     0.0000      -0.0000     0.0000      -0.0000     -0.0000   
  56       -0.0000     -0.0000     0.0000      0.0000      -0.0013     -0.0001     0.0001    

              8        9        10       11       12       13       14     
  8        2.6336    
  9        0.7934      0.6781    
  10       0.7950      -0.0455     0.6767    
  11       0.7615      -0.0494     -0.0484     2.6530    
  12       -0.0495     0.0024      -0.0064     0.7966      0.6759    
  13       -0.0499     -0.0056     0.0024      0.8000      -0.0450     0.6775    
  14       -0.0542     -0.0065     -0.0059     0.7577      -0.0489     -0.0519     2.6737    
  15       0.0019      0.0001      0.0001      -0.0568     -0.0088     -0.0069     0.7576    
  16       0.0001      -0.0000     -0.0000     -0.0071     -0.0002     -0.0003     -0.0483   
  17       -0.0000     -0.0000     -0.0000     0.0021      0.0001      0.0000      -0.0509   
  18       0.0001      -0.0000     -0.0000     -0.0098     -0.0008     -0.0024     -0.0551   
  19       -0.0000     -0.0000     -0.0000     -0.0007     0.0000      -0.0003     -0.0075   
  20       0.0000      -0.0000     0.0000      0.0001      -0.0000     0.0000      0.0022    
  21       0.0000      0.0000      -0.0000     -0.0027     -0.0002     -0.0013     -0.0046   
  22       -0.0115     -0.0009     -0.0036     -0.0544     -0.0058     0.0022      0.7848    
  23       0.0001      -0.0000     0.0000      0.0020      0.0000      -0.0000     -0.0526   
  24       -0.0036     -0.0003     -0.0021     -0.0067     -0.0002     0.0001      -0.0513   
  25       -0.0006     0.0000      -0.0005     -0.0047     -0.0003     0.0000      -0.0439   
  26       0.0001      -0.0001     0.0014      -0.0009     -0.0001     0.0000      -0.0053   
  27       -0.0001     0.0000      -0.0003     0.0000      0.0000      -0.0000     0.0000    
  28       0.0000      -0.0000     0.0000      -0.0000     0.0000      0.0000      0.0000    
  29       -0.0000     -0.0000     0.0000      -0.0000     -0.0000     0.0000      -0.0000   
  30       -0.0000     0.0000      -0.0000     0.0000      -0.0000     -0.0000     -0.0000   
  31       0.0000      0.0000      -0.0000     0.0000      -0.0000     0.0000      -0.0000   
  32       0.0000      0.0000      -0.0000     0.0000      0.0000      0.0000      -0.0000   
  33       -0.0000     0.0000      -0.0000     -0.0000     -0.0000     -0.0000     -0.0000   
  34       -0.0007     0.0000      -0.0007     -0.0004     -0.0006     0.0000      0.0000    
  35       0.0000      -0.0000     -0.0000     -0.0005     -0.0009     0.0000      0.0000    
  36       -0.0000     0.0000      -0.0000     0.0000      -0.0000     -0.0000     0.0000    
  37       0.0000      -0.0000     0.0000      -0.0004     -0.0001     0.0000      -0.0000   
  38       0.0000      -0.0000     0.0000      -0.0012     -0.0019     -0.0000     0.0000    
  39       -0.0002     -0.0000     0.0000      -0.0014     0.0001      -0.0001     -0.0000   
  40       0.0000      0.0000      -0.0000     -0.0000     -0.0002     0.0000      0.0000    
  41       0.0000      0.0000      -0.0000     0.0000      -0.0000     0.0000      0.0000    
  42       0.0000      -0.0000     -0.0000     0.0000      -0.0000     0.0000      0.0000    
  43       -0.0000     0.0000      -0.0000     -0.0000     -0.0000     -0.0000     0.0000    
  44       0.0000      -0.0000     0.0000      0.0000      0.0000      0.0000      -0.0000   
  45       0.0000      -0.0000     -0.0000     0.0000      0.0000      0.0000      -0.0000   
  46       0.0000      -0.0000     0.0000      -0.0000     -0.0000     0.0000      -0.0000   
  47       -0.0000     0.0000      -0.0000     0.0000      -0.0000     -0.0000     0.0000    
  48       -0.0001     0.0000      -0.0001     0.0000      0.0000      -0.0000     0.0000    
  49       -0.0001     0.0000      -0.0000     0.0000      0.0000      -0.0000     -0.0000   
  50       -0.0001     -0.0000     0.0001      -0.0000     0.0000      -0.0000     0.0000    
  51       0.0000      0.0000      -0.0000     0.0000      -0.0000     0.0000      0.0000    
  52       0.0000      -0.0000     0.0000      -0.0000     -0.0000     0.0000      0.0000    
  53       0.0000      0.0000      0.0000      -0.0000     -0.0000     0.0000      -0.0000   
  54       -0.0000     0.0000      -0.0000     0.0000      0.0000      -0.0000     0.0000    
  55       -0.0051     0.0002      -0.0002     -0.0497     0.0023      -0.0080     0.7967    
  56       -0.0011     -0.0000     0.0001      -0.0007     -0.0001     -0.0000     -0.0000   

              15       16       17       18       19       20       21     
  15       2.6251    
  16       0.7948      0.6764    
  17       0.7958      -0.0454     0.6796    
  18       0.7552      -0.0501     -0.0509     2.5973    
  19       -0.0463     0.0024      -0.0045     0.7887      0.6585    
  20       -0.0481     -0.0045     -0.0074     0.7888      -0.0431     0.6599    
  21       -0.0449     -0.0068     0.0024      0.7905      -0.0424     -0.0434     0.6556    
  22       -0.0581     -0.0078     -0.0096     0.0020      0.0001      -0.0000     0.0000    
  23       -0.0108     -0.0007     -0.0006     0.0001      0.0000      -0.0000     -0.0000   
  24       0.0019      0.0001      0.0001      -0.0000     -0.0000     0.0000      -0.0000   
  25       -0.0031     0.0001      -0.0000     0.0000      -0.0000     -0.0000     -0.0000   
  26       -0.0001     -0.0000     -0.0000     0.0000      -0.0000     0.0000      -0.0000   
  27       -0.0000     0.0000      -0.0000     -0.0000     0.0000      -0.0000     0.0000    
  28       -0.0000     -0.0000     -0.0000     -0.0000     0.0000      -0.0000     0.0000    
  29       -0.0000     -0.0000     -0.0000     0.0000      -0.0000     -0.0000     -0.0000   
  30       0.0000      -0.0000     0.0000      -0.0000     -0.0000     0.0000      -0.0000   
  31       0.0000      0.0000      0.0000      -0.0000     -0.0000     0.0000      -0.0000   
  32       0.0000      0.0000      0.0000      -0.0000     -0.0000     0.0000      -0.0000   
  33       0.0000      0.0000      -0.0000     -0.0000     -0.0000     0.0000      -0.0000   
  34       0.0000      -0.0000     0.0000      0.0000      0.0000      -0.0000     0.0000    
  35       -0.0000     -0.0001     0.0000      0.0000      -0.0000     0.0000      0.0000    
  36       0.0000      -0.0000     0.0000      0.0000      0.0000      -0.0000     -0.0000   
  37       -0.0000     0.0001      -0.0000     -0.0000     -0.0000     0.0000      0.0000    
  38       0.0000      -0.0000     -0.0000     -0.0000     0.0000      0.0000      -0.0000   
  39       0.0000      -0.0000     -0.0000     0.0000      0.0000      0.0000      -0.0000   
  40       0.0000      0.0000      0.0000      -0.0000     0.0000      -0.0000     0.0000    
  41       -0.0000     -0.0000     0.0000      0.0000      -0.0000     0.0000      -0.0000   
  42       -0.0000     0.0000      0.0000      -0.0000     -0.0000     0.0000      0.0000    
  43       -0.0000     -0.0000     0.0000      0.0000      -0.0000     -0.0000     0.0000    
  44       -0.0000     -0.0000     0.0000      -0.0000     -0.0000     0.0000      -0.0000   
  45       0.0000      -0.0000     0.0000      0.0000      0.0000      0.0000      -0.0000   
  46       0.0000      -0.0000     -0.0000     -0.0000     0.0000      -0.0000     -0.0000   
  47       -0.0000     0.0000      0.0000      0.0000      -0.0000     0.0000      0.0000    
  48       -0.0000     -0.0000     0.0000      0.0000      0.0000      -0.0000     0.0000    
  49       0.0000      0.0000      -0.0000     0.0000      0.0000      -0.0000     0.0000    
  50       -0.0000     -0.0000     0.0000      -0.0000     0.0000      -0.0000     -0.0000   
  51       0.0000      -0.0000     0.0000      0.0000      -0.0000     0.0000      0.0000    
  52       -0.0000     -0.0000     0.0000      0.0000      0.0000      0.0000      -0.0000   
  53       0.0000      0.0000      -0.0000     -0.0000     -0.0000     0.0000      -0.0000   
  54       0.0000      -0.0000     0.0000      0.0000      0.0000      0.0000      0.0000    
  55       -0.0505     0.0024      -0.0065     -0.0069     -0.0000     0.0000      -0.0002   
  56       0.0000      0.0000      -0.0000     -0.0000     0.0000      -0.0000     -0.0000   

              22       23       24       25       26       27       28     
  22       2.2583    
  23       0.8005      0.6779    
  24       0.7996      -0.0501     0.6726    
  25       0.5067      -0.0360     -0.0365     6.4471    
  26       -0.0803     -0.0076     -0.0072     0.6188      1.0863    
  27       -0.0035     -0.0001     -0.0018     -0.0122     0.7441      7.0309    
  28       -0.0019     -0.0004     -0.0001     -0.0136     0.6163      -0.0173     6.3221    
  29       -0.0004     -0.0000     -0.0000     -0.0029     -0.0866     0.0002      0.5871    
  30       0.0002      0.0000      0.0001      -0.0199     0.6179      -0.0118     -0.0171   
  31       0.0001      -0.0000     0.0000      -0.0007     -0.0816     -0.0048     0.0001    
  32       0.0000      -0.0000     -0.0000     0.0000      -0.0090     -0.0022     0.0001    
  33       -0.0000     -0.0000     -0.0000     -0.0000     -0.0041     0.0000      -0.0000   
  34       -0.0000     -0.0000     -0.0000     -0.0008     -0.0066     -0.0004     0.0000    
  35       0.0000      -0.0000     -0.0000     -0.0006     -0.0023     0.0000      0.0000    
  36       0.0000      0.0000      -0.0000     0.0000      -0.0001     -0.0000     0.0000    
  37       -0.0001     0.0000      0.0000      -0.0005     0.0000      0.0000      0.0000    
  38       0.0000      0.0000      0.0000      0.0000      -0.0000     -0.0000     -0.0000   
  39       0.0000      -0.0000     0.0000      0.0000      -0.0000     -0.0000     -0.0000   
  40       0.0000      0.0000      0.0000      0.0000      -0.0000     -0.0000     0.0000    
  41       -0.0000     -0.0000     -0.0000     -0.0000     0.0000      0.0000      0.0000    
  42       0.0000      0.0000      0.0000      0.0000      -0.0003     0.0000      -0.0000   
  43       -0.0000     -0.0000     -0.0000     -0.0000     0.0000      -0.0000     0.0000    
  44       -0.0000     0.0000      -0.0000     0.0000      -0.0000     -0.0000     -0.0000   
  45       -0.0000     -0.0000     -0.0000     0.0000      -0.0001     0.0000      -0.0000   
  46       -0.0000     -0.0000     -0.0000     -0.0000     -0.0000     0.0000      -0.0000   
  47       0.0000      0.0000      0.0000      0.0000      0.0000      -0.0000     0.0000    
  48       0.0000      -0.0000     0.0000      -0.0000     -0.0000     -0.0001     0.0000    
  49       0.0000      -0.0000     0.0000      0.0000      -0.0000     0.0000      -0.0000   
  50       -0.0000     0.0000      -0.0000     -0.0000     0.0001      -0.0001     0.0000    
  51       0.0000      0.0000      0.0000      0.0000      -0.0000     0.0000      -0.0000   
  52       -0.0000     0.0000      -0.0000     0.0000      -0.0000     0.0000      -0.0000   
  53       -0.0000     -0.0000     -0.0000     -0.0000     -0.0000     0.0000      -0.0000   
  54       -0.0000     -0.0000     0.0000      -0.0000     0.0000      -0.0000     0.0000    
  55       -0.0501     -0.0043     -0.0071     0.0010      0.0002      -0.0000     -0.0000   
  56       -0.0001     -0.0000     -0.0000     -0.0009     0.0029      -0.0003     0.0000    

              29       30       31       32       33       34       35     
  29       0.3119    
  30       -0.0017     6.4556    
  31       0.0001      0.5011      2.2584    
  32       -0.0000     -0.0382     0.8034      0.6730    
  33       -0.0000     -0.0390     0.8023      -0.0481     0.6783    
  34       -0.0000     -0.0389     0.7858      -0.0516     -0.0517     2.6756    
  35       -0.0000     -0.0034     -0.0568     0.0019      -0.0085     0.7562      2.6267    
  36       -0.0000     -0.0001     -0.0098     0.0001      -0.0005     -0.0492     0.7948    
  37       -0.0000     -0.0005     -0.0070     0.0001      -0.0003     -0.0502     0.7957    
  38       -0.0000     0.0000      0.0019      -0.0000     0.0001      -0.0547     0.7541    
  39       -0.0000     -0.0000     0.0001      -0.0000     -0.0000     -0.0075     -0.0455   
  40       -0.0000     -0.0000     -0.0000     0.0000      -0.0000     0.0022      -0.0481   
  41       -0.0000     -0.0000     0.0000      -0.0000     -0.0000     -0.0041     -0.0448   
  42       -0.0000     0.0008      -0.0523     -0.0072     -0.0073     0.7558      -0.0551   
  43       0.0000      0.0000      -0.0061     -0.0002     0.0001      -0.0493     -0.0084   
  44       -0.0000     -0.0000     0.0019      0.0001      0.0001      -0.0512     -0.0071   
  45       -0.0000     0.0000      -0.0113     -0.0039     -0.0008     -0.0512     0.0019    
  46       -0.0000     0.0000      -0.0035     -0.0021     -0.0003     -0.0050     0.0000    
  47       0.0000      0.0000      0.0001      0.0000      -0.0000     0.0021      -0.0000   
  48       -0.0000     0.0000      -0.0019     -0.0014     0.0001      -0.0083     0.0000    
  49       -0.0000     0.0000      0.0000      -0.0000     -0.0000     -0.0005     -0.0000   
  50       0.0000      -0.0000     -0.0012     -0.0003     -0.0000     -0.0022     -0.0000   
  51       -0.0000     0.0000      0.0000      -0.0000     0.0000      0.0001      0.0000    
  52       -0.0000     -0.0000     0.0000      0.0000      -0.0000     -0.0000     0.0000    
  53       0.0000      0.0000      -0.0000     -0.0000     0.0000      -0.0000     -0.0000   
  54       0.0000      0.0000      -0.0000     -0.0000     0.0000      -0.0000     0.0000    
  55       -0.0000     -0.0000     0.0000      0.0000      -0.0000     -0.0000     -0.0000   
  56       0.0000      -0.0022     -0.0509     -0.0069     0.0022      0.7961      -0.0512   

              36       37       38       39       40       41       42     
  36       0.6782    
  37       -0.0454     0.6765    
  38       -0.0502     -0.0507     2.6017    
  39       0.0024      -0.0038     0.7889      0.6560    
  40       -0.0040     -0.0080     0.7888      -0.0430     0.6600    
  41       -0.0076     0.0024      0.7908      -0.0425     -0.0433     0.6562    
  42       -0.0056     0.0021      -0.0116     -0.0014     0.0001      -0.0029     2.6427    
  43       0.0000      0.0001      -0.0013     0.0000      -0.0000     -0.0003     0.7949    
  44       -0.0002     0.0001      -0.0026     -0.0006     0.0000      -0.0019     0.7980    
  45       0.0001      -0.0000     0.0001      0.0000      0.0000      0.0000      0.7580    
  46       -0.0000     -0.0000     -0.0000     -0.0000     0.0000      -0.0000     -0.0481   
  47       -0.0000     0.0000      -0.0000     -0.0000     -0.0000     0.0000      -0.0514   
  48       -0.0000     -0.0000     0.0000      -0.0000     -0.0000     0.0000      -0.0541   
  49       -0.0000     -0.0000     -0.0000     -0.0000     -0.0000     -0.0000     -0.0066   
  50       -0.0000     0.0000      0.0000      -0.0000     -0.0000     -0.0000     -0.0064   
  51       0.0000      -0.0000     -0.0000     -0.0000     0.0000      0.0000      0.0020    
  52       0.0000      -0.0000     0.0000      0.0000      -0.0000     0.0000      0.0001    
  53       -0.0000     -0.0000     -0.0000     0.0000      -0.0000     -0.0000     -0.0000   
  54       -0.0000     -0.0000     0.0000      -0.0000     0.0000      0.0000      0.0001    
  55       0.0000      -0.0000     -0.0000     -0.0000     -0.0000     0.0000      0.0000    
  56       0.0023      -0.0081     -0.0052     0.0000      0.0000      -0.0001     -0.0486   

              43       44       45       46       47       48       49     
  43       0.6808    
  44       -0.0456     0.6800    
  45       -0.0509     -0.0505     2.6333    
  46       -0.0063     0.0024      0.7962      0.6761    
  47       -0.0062     -0.0075     0.7947      -0.0464     0.6803    
  48       0.0021      -0.0063     0.7586      -0.0493     -0.0497     2.6177    
  49       0.0001      0.0000      -0.0492     0.0024      -0.0065     0.7948      0.6745    
  50       0.0000      -0.0002     -0.0478     -0.0056     0.0024      0.7947      -0.0455   
  51       -0.0000     0.0001      -0.0573     -0.0075     -0.0077     0.7542      -0.0495   
  52       -0.0000     -0.0000     -0.0070     -0.0001     -0.0004     -0.0462     0.0025    
  53       0.0000      -0.0000     0.0022      0.0001      0.0001      -0.0478     -0.0056   
  54       -0.0000     -0.0000     -0.0071     -0.0004     -0.0001     -0.0463     -0.0056   
  55       -0.0000     0.0000      0.0000      0.0000      0.0000      0.0000      -0.0000   
  56       0.0023      -0.0077     -0.0049     -0.0001     0.0000      -0.0020     -0.0002   

              50       51       52       53       54       55       56     
  50       0.6741    
  51       -0.0500     2.5925    
  52       -0.0058     0.7889      0.6583    
  53       -0.0056     0.7886      -0.0432     0.6595    
  54       0.0025      0.7890      -0.0424     -0.0432     0.6584    
  55       0.0000      -0.0000     0.0000      -0.0000     0.0000      0.6884    
  56       -0.0009     0.0000      0.0000      0.0000      -0.0000     -0.0000     0.6831    

;    Net Atomic Charges for 128.000 electrons:
1 C: -0.068788
2 H: 0.018238
3 H: 0.021046
4 H: 0.017900
5 C: -0.011340
6 H: 0.009616
7 H: 0.012207
8 C: -0.017608
9 H: 0.007997
10 H: 0.012021
11 C: -0.029388
12 H: 0.011742
13 H: 0.011963
14 C: 0.019337
15 C: -0.011555
16 H: 0.009201
17 H: 0.008076
18 C: -0.071888
19 H: 0.018399
20 H: 0.017886
21 H: 0.021128
22 C: 0.437745
23 H: 0.002324
24 H: 0.010028
25 O: -0.921517
26 P: 2.758950
27 O: -1.375527
28 O: -0.898680
29 H: 0.440216
30 O: -0.929338
31 C: 0.437132
32 H: 0.009711
33 H: -0.000365
34 C: 0.018826
35 C: -0.012425
36 H: 0.008302
37 H: 0.010914
38 C: -0.073816
39 H: 0.021237
40 H: 0.017829
41 H: 0.020943
42 C: -0.018854
43 H: 0.006821
44 H: 0.009424
45 C: -0.018149
46 H: 0.010682
47 H: 0.007849
48 C: -0.011849
49 H: 0.011273
50 H: 0.012179
51 C: -0.067863
52 H: 0.018509
53 H: 0.017731
54 H: 0.018426
55 H: 0.004449
56 H: 0.010695
;      Total Charge is: -0.000000


; 		q-q-q-q-q-q-q-q  Charge Matrix q-q-q-q-q-q-q-q

;   Reduced Charge Matrix Independant of Occupation
      1        2        3        4        5        6        7      
   1  0.0000  0.0000  0.0000  0.0000  0.0080  0.0283  0.1398
   2  0.0000  0.0000  0.0000  0.0000  0.0004  0.0015  0.0108
   3  0.0000  0.0000  0.0000  0.0000  0.0004  0.0016  0.0105
   4  0.0000  0.0000  0.0000  0.0000  0.0003  0.0013  0.0102
   5  0.0000  0.0000  0.0000  0.0000  0.0213  0.0705  0.2212
   6  0.0000  0.0000  0.0000  0.0000  0.0011  0.0036  0.0176
   7  0.0000  0.0000  0.0000  0.0000  0.0015  0.0036  0.0173
   8  0.0000  0.0001  0.0000  0.0000  0.0339  0.1219  0.1164
   9  0.0000  0.0000  0.0000  0.0000  0.0018  0.0069  0.0088
  10  0.0000  -0.0001  0.0000  -0.0000  0.0018  0.0065  0.0084
  11  0.0002  0.0009  0.0001  0.0000  0.0426  0.1612  0.0083
  12  0.0000  0.0000  0.0000  0.0000  0.0027  0.0083  0.0001
  13  -0.0000  -0.0000  0.0000  0.0000  0.0024  0.0098  0.0001
  14  0.0017  0.0060  0.0006  0.0000  0.0398  0.1618  0.0836
  15  0.0001  0.0006  0.0001  0.0000  0.0228  0.0981  0.1572
  16  0.0000  0.0000  0.0000  0.0000  0.0012  0.0052  0.0121
  17  -0.0000  -0.0000  0.0000  0.0000  0.0012  0.0052  0.0127
  18  0.0000  0.0000  0.0000  0.0000  0.0087  0.0389  0.0978
  19  0.0000  0.0000  0.0000  0.0000  0.0005  0.0021  0.0075
  20  0.0000  0.0000  0.0000  0.0000  0.0004  0.0018  0.0072
  21  0.0000  0.0000  0.0000  0.0000  0.0005  0.0022  0.0073
  22  0.0327  0.0797  0.0057  -0.0001  0.0074  0.0274  0.0195
  23  0.0001  0.0001  0.0001  -0.0000  0.0002  0.0009  0.0015
  24  0.0001  -0.0002  0.0001  -0.0000  0.0002  0.0011  0.0008
  25  0.2374  0.4608  0.0425  -0.0001  0.0024  0.0110  0.0042
  26  0.1816  0.1158  0.1488  0.1608  0.0029  0.0035  0.0018
  27  0.1086  0.0058  0.2516  0.4341  0.0000  0.0000  0.0000
  28  0.1446  0.0216  0.2497  0.3682  0.0004  0.0000  0.0000
  29  0.0114  0.0019  0.0248  0.0348  0.0001  0.0000  0.0000
  30  0.2459  0.2596  0.2350  0.0018  0.0081  0.0035  0.0000
  31  0.0335  0.0443  0.0383  0.0009  0.0344  0.0075  0.0006
  32  0.0001  0.0000  0.0000  -0.0001  0.0015  0.0003  0.0000
  33  0.0000  0.0004  0.0003  -0.0000  0.0013  0.0002  0.0001
  34  0.0017  0.0024  0.0024  0.0000  0.1662  0.0410  0.0013
  35  0.0002  0.0002  0.0003  0.0000  0.0948  0.0232  0.0020
  36  -0.0000  -0.0000  -0.0000  0.0000  0.0051  0.0013  0.0002
  37  0.0000  0.0000  -0.0001  0.0000  0.0045  0.0012  0.0001
  38  0.0000  0.0000  0.0000  0.0000  0.0375  0.0086  0.0010
  39  0.0000  0.0000  0.0000  0.0000  0.0021  0.0003  0.0000
  40  0.0000  0.0000  0.0000  0.0000  0.0016  0.0004  0.0001
  41  0.0000  0.0000  0.0000  0.0000  0.0021  0.0005  0.0001
  42  0.0000  0.0001  0.0001  0.0000  0.1602  0.0429  0.0001
  43  0.0000  0.0000  0.0000  0.0000  0.0085  0.0024  0.0000
  44  0.0000  0.0000  0.0000  0.0000  0.0089  0.0024  0.0000
  45  0.0000  0.0000  0.0000  0.0000  0.1208  0.0339  0.0007
  46  0.0000  0.0000  0.0000  0.0000  0.0065  0.0019  0.0000
  47  0.0000  0.0000  0.0000  0.0000  0.0061  0.0018  0.0001
  48  0.0000  0.0000  0.0000  0.0000  0.0740  0.0204  0.0022
  49  0.0000  0.0000  0.0000  0.0000  0.0041  0.0010  0.0003
  50  0.0000  0.0000  0.0000  -0.0000  0.0044  0.0012  0.0002
  51  0.0000  0.0000  0.0000  0.0000  0.0249  0.0073  0.0013
  52  0.0000  0.0000  0.0000  0.0000  0.0013  0.0004  0.0001
  53  0.0000  0.0000  0.0000  0.0000  0.0011  0.0003  0.0001
  54  0.0000  0.0000  0.0000  0.0000  0.0013  0.0004  0.0001
  55  -0.0000  -0.0001  0.0000  0.0000  0.0022  0.0093  0.0067
  56  -0.0001  -0.0000  -0.0002  -0.0001  0.0097  0.0019  0.0000
      8        9        10       11       12       13       14     
   1  0.0011  0.0002  0.1369  0.0912  0.0515  0.1038  0.0084
   2  0.0001  0.0000  0.0169  0.0158  0.0090  0.0267  0.0022
   3  0.0001  0.0000  0.0161  0.0156  0.0092  0.0321  0.0028
   4  0.0001  0.0000  0.0184  0.0180  0.0103  0.0276  0.0023
   5  0.0016  0.0001  0.0650  0.0164  0.0093  0.0850  0.0082
   6  0.0001  0.0000  0.0079  0.0002  0.0000  0.0222  0.0021
   7  0.0001  0.0000  0.0070  0.0001  0.0000  0.0173  0.0021
   8  0.0009  0.0002  0.0387  0.0774  0.0453  0.0752  0.0057
   9  0.0001  0.0000  0.0035  0.0127  0.0075  0.0129  0.0009
  10  0.0001  0.0000  0.0041  0.0130  0.0086  0.0190  0.0011
  11  0.0001  0.0003  0.1290  0.0357  0.0160  0.1409  0.0130
  12  0.0001  0.0000  0.0152  0.0054  0.0017  0.0380  0.0040
  13  0.0000  0.0000  0.0120  0.0048  0.0018  0.0461  0.0047
  14  0.0012  0.0003  0.0555  0.0624  0.0382  0.0408  0.0035
  15  0.0023  0.0006  0.1002  0.0114  0.0073  0.0012  0.0023
  16  0.0002  0.0001  0.0109  0.0000  0.0000  0.0000  0.0005
  17  0.0002  0.0001  0.0116  0.0001  0.0000  0.0006  0.0009
  18  0.0015  0.0013  0.2162  0.0584  0.0371  0.0024  0.0015
  19  0.0001  0.0002  0.0268  0.0101  0.0065  0.0006  0.0004
  20  0.0001  0.0002  0.0289  0.0110  0.0072  0.0011  0.0003
  21  0.0001  0.0002  0.0256  0.0113  0.0071  0.0001  0.0006
  22  0.0002  0.0006  0.0298  0.1047  0.0505  0.1274  0.0055
  23  0.0000  0.0001  0.0024  0.0188  0.0091  0.0386  0.0017
  24  0.0000  0.0001  0.0041  0.0154  0.0073  0.0383  0.0014
  25  0.0001  0.0001  0.0053  0.0159  0.0075  0.0237  0.0010
  26  0.0008  0.0012  0.0017  0.0116  0.0044  0.0090  0.0067
  27  0.0000  0.0000  0.0000  0.0002  0.0000  0.0002  0.0002
  28  0.0001  0.0001  0.0000  0.0006  0.0003  0.0004  0.0010
  29  0.0000  0.0000  0.0000  0.0001  0.0001  0.0000  0.0003
  30  0.0041  0.0035  0.0001  0.0091  0.0169  0.0033  0.0294
  31  0.0155  0.0304  0.0001  0.0617  0.0921  0.0109  0.1326
  32  0.0003  0.0038  0.0000  0.0093  0.0127  0.0036  0.0457
  33  0.0010  0.0034  0.0000  0.0107  0.0144  0.0033  0.0383
  34  0.0776  0.0469  0.0002  0.0371  0.0749  0.0035  0.0404
  35  0.1571  0.1038  0.0002  0.0065  0.0140  0.0011  0.0013
  36  0.0127  0.0110  0.0000  0.0000  0.0000  0.0001  0.0000
  37  0.0125  0.0127  0.0000  0.0000  0.0000  0.0004  0.0000
  38  0.1003  0.2087  0.0005  0.0314  0.0722  0.0036  0.0054
  39  0.0078  0.0252  0.0001  0.0057  0.0126  0.0006  0.0014
  40  0.0075  0.0276  0.0001  0.0059  0.0139  0.0012  0.0023
  41  0.0076  0.0243  0.0001  0.0060  0.0142  0.0009  0.0006
  42  0.0067  0.1337  0.0008  0.0218  0.0349  0.0069  0.1378
  43  0.0000  0.0168  0.0001  0.0026  0.0040  0.0019  0.0419
  44  0.0000  0.0138  0.0001  0.0037  0.0058  0.0017  0.0438
  45  0.1174  0.0387  0.0002  0.0458  0.0836  0.0033  0.0623
  46  0.0092  0.0034  0.0000  0.0066  0.0126  0.0008  0.0148
  47  0.0099  0.0029  0.0000  0.0087  0.0163  0.0005  0.0089
  48  0.2212  0.0630  0.0004  0.0082  0.0145  0.0044  0.0749
  49  0.0175  0.0064  0.0000  0.0000  0.0000  0.0015  0.0155
  50  0.0165  0.0059  0.0000  0.0002  0.0004  0.0012  0.0190
  51  0.1471  0.1486  0.0011  0.0435  0.0755  0.0075  0.1064
  52  0.0114  0.0183  0.0001  0.0076  0.0134  0.0020  0.0292
  53  0.0108  0.0192  0.0001  0.0085  0.0150  0.0022  0.0325
  54  0.0115  0.0183  0.0001  0.0075  0.0132  0.0020  0.0296
  55  0.0001  0.0000  0.0055  0.0097  0.0064  0.0002  0.0002
  56  0.0055  0.0037  0.0000  0.0041  0.0133  0.0002  0.0006
      15       16       17       18       19       20       21     
   1  0.0084  0.0098  0.0036  0.0736  0.0016  0.0017  0.0002
   2  0.0024  0.0030  0.0016  0.0276  0.0009  0.0012  0.0000
   3  0.0030  0.0033  0.0011  0.0217  0.0001  -0.0000  0.0000
   4  0.0022  0.0027  0.0008  0.0171  0.0006  0.0005  0.0001
   5  0.0110  0.0123  0.0104  0.1579  0.0033  0.0053  0.0001
   6  0.0043  0.0043  0.0045  0.0690  0.0007  0.0001  0.0000
   7  0.0031  0.0043  0.0078  0.0772  0.0017  0.0047  0.0000
   8  0.0036  0.0038  0.0119  0.1341  0.0175  0.0259  0.0012
   9  0.0000  0.0000  0.0063  0.0652  0.0088  0.0162  0.0000
  10  0.0000  0.0000  0.0037  0.0575  0.0072  0.0060  0.0011
  11  0.0079  0.0052  0.0045  0.0455  0.0478  0.0688  0.0038
  12  0.0018  0.0007  0.0010  0.0097  0.0244  0.0424  0.0002
  13  0.0036  0.0026  0.0009  0.0090  0.0179  0.0207  0.0028
  14  0.0182  0.0337  0.0034  0.0301  0.0672  0.0941  0.0046
  15  0.0635  0.1234  0.0053  0.0372  0.0325  0.0475  0.0012
  16  0.0199  0.0407  0.0025  0.0154  0.0180  0.0237  0.0001
  17  0.0197  0.0393  0.0026  0.0192  0.0097  0.0152  0.0010
  18  0.0599  0.1115  0.0021  0.0123  0.0073  0.0100  0.0004
  19  0.0176  0.0336  0.0007  0.0041  0.0041  0.0057  0.0000
  20  0.0175  0.0332  0.0004  0.0016  0.0007  0.0007  0.0001
  21  0.0193  0.0354  0.0008  0.0048  0.0009  0.0011  0.0001
  22  0.0271  0.0769  0.0006  0.0105  0.0307  0.0576  0.0367
  23  0.0073  0.0220  0.0001  0.0043  0.0125  0.0315  0.0078
  24  0.0110  0.0308  0.0001  0.0060  0.0062  0.0198  0.0067
  25  0.0073  0.0148  0.0004  0.0020  0.0203  0.0159  0.1101
  26  0.0078  0.0007  0.0022  -0.0002  0.0169  -0.0003  0.1351
  27  0.0002  0.0000  0.0002  0.0000  0.0023  0.0002  0.1011
  28  0.0005  0.0001  0.0003  0.0000  0.0019  0.0004  0.3217
  29  0.0000  0.0001  0.0000  0.0000  0.0000  0.0002  0.0967
  30  0.0110  0.0088  0.0056  0.0005  0.0250  0.0072  0.0847
  31  0.0503  0.0443  0.0175  0.0019  0.0458  0.0347  0.0398
  32  0.0184  0.0163  0.0061  0.0008  0.0060  0.0090  0.0134
  33  0.0170  0.0137  0.0090  0.0010  0.0223  0.0202  0.0046
  34  0.0326  0.0188  0.0414  0.0030  0.0902  0.0662  0.0070
  35  0.1109  0.0666  0.0462  0.0029  0.0442  0.0328  0.0027
  36  0.0317  0.0205  0.0220  0.0012  0.0264  0.0197  0.0021
  37  0.0388  0.0217  0.0209  0.0016  0.0126  0.0069  0.0000
  38  0.1004  0.0594  0.0168  0.0012  0.0123  0.0076  0.0006
  39  0.0301  0.0181  0.0067  0.0000  0.0047  0.0064  0.0004
  40  0.0288  0.0175  0.0026  0.0003  0.0024  0.0005  0.0000
  41  0.0324  0.0190  0.0057  0.0007  0.0022  0.0003  0.0000
  42  0.0210  0.0031  0.0409  0.0037  0.0590  0.0389  0.0018
  43  0.0076  0.0010  0.0016  0.0003  0.0351  0.0242  0.0005
  44  0.0074  0.0012  0.0102  0.0007  0.0253  0.0146  0.0007
  45  0.0093  0.0021  0.1307  0.0113  0.0298  0.0185  0.0012
  46  0.0001  0.0000  0.0620  0.0054  0.0164  0.0095  0.0002
  47  0.0005  0.0003  0.0574  0.0050  0.0115  0.0077  0.0010
  48  0.0278  0.0054  0.1477  0.0131  0.0169  0.0107  0.0003
  49  0.0094  0.0015  0.0695  0.0035  0.0102  0.0054  0.0000
  50  0.0080  0.0013  0.0692  0.0073  0.0043  0.0033  0.0001
  51  0.0285  0.0054  0.0569  0.0055  0.0039  0.0026  0.0001
  52  0.0085  0.0016  0.0199  0.0018  0.0013  0.0008  0.0000
  53  0.0087  0.0017  0.0116  0.0011  0.0001  0.0000  0.0000
  54  0.0084  0.0016  0.0200  0.0019  0.0012  0.0008  0.0001
  55  0.0009  0.0003  0.0012  0.0109  0.0554  0.0791  0.0009
  56  0.0033  0.0005  0.0211  0.0012  0.0715  0.0559  0.0050
      22       23       24       25       26       27       28     
   1  0.0006  0.0017  0.0284  0.0137  0.0661  0.0468  0.0030
   2  0.0003  0.0000  0.0037  0.0019  0.0169  0.0189  0.0002
   3  0.0002  0.0001  0.0006  0.0003  0.0382  0.0212  0.0014
   4  0.0000  0.0014  0.0170  0.0097  0.0022  0.0005  0.0003
   5  0.0011  0.0008  0.0299  0.0089  0.0975  0.0595  0.0040
   6  0.0001  0.0000  0.0014  0.0003  0.0518  0.0222  0.0016
   7  0.0005  0.0001  0.0158  0.0019  0.0349  0.0231  0.0005
   8  0.0015  0.0094  0.0870  0.0353  0.0233  0.0343  0.0076
   9  0.0013  0.0026  0.0213  0.0098  0.0094  0.0160  0.0002
  10  0.0000  0.0050  0.0506  0.0216  0.0009  0.0061  0.0034
  11  0.0066  0.0243  0.0788  0.0238  0.0164  0.0146  0.0157
  12  0.0000  0.0073  0.0214  0.0032  0.0002  0.0001  0.0096
  13  0.0042  0.0126  0.0489  0.0128  0.0000  0.0042  0.0064
  14  0.0175  0.0271  0.0117  0.0064  0.0291  0.0048  0.0115
  15  0.0084  0.0093  0.0066  0.0078  0.0786  0.0143  0.0406
  16  0.0005  0.0041  0.0037  0.0034  0.0354  0.0042  0.0097
  17  0.0055  0.0031  0.0026  0.0027  0.0304  0.0076  0.0208
  18  0.0022  0.0046  0.0034  0.0037  0.0547  0.0167  0.0412
  19  0.0000  0.0007  0.0013  0.0023  0.0232  0.0029  0.0066
  20  0.0001  0.0015  0.0015  0.0001  0.0002  0.0039  0.0003
  21  0.0010  0.0011  0.0000  0.0002  0.0242  0.0083  0.0274
  22  0.1214  0.0215  0.0502  0.0451  0.0177  0.0048  0.0870
  23  0.0071  0.0017  0.0269  0.0219  0.0059  0.0000  0.0410
  24  0.0421  0.0013  0.0146  0.0195  0.0104  0.0012  0.0206
  25  0.2300  0.0569  0.0441  0.0327  0.0115  0.0069  0.1331
  26  0.1026  0.0672  0.0071  0.0176  0.0031  0.0094  0.0190
  27  0.0600  0.0533  0.0202  0.0258  0.0043  0.0093  0.0297
  28  0.2160  0.0419  0.0196  0.0153  0.0083  0.0272  0.0295
  29  0.0652  0.0039  0.0037  0.0018  0.0016  0.0026  0.0005
  30  0.0588  0.1901  0.0164  0.0627  0.0174  0.0588  0.0918
  31  0.0102  0.1365  0.0065  0.0448  0.0121  0.0365  0.0575
  32  0.0049  0.0821  0.0005  0.0269  0.0026  0.0040  0.0109
  33  0.0011  0.0140  0.0002  0.0048  0.0004  0.0110  0.0271
  34  0.0050  0.0113  0.0166  0.0101  0.0155  0.0382  0.0084
  35  0.0059  0.0148  0.0250  0.0122  0.0318  0.1053  0.0357
  36  0.0002  0.0005  0.0069  0.0026  0.0078  0.0319  0.0133
  37  0.0028  0.0060  0.0140  0.0069  0.0169  0.0565  0.0179
  38  0.0012  0.0067  0.0160  0.0045  0.0284  0.0598  0.0585
  39  0.0002  0.0007  0.0071  0.0002  0.0116  0.0057  0.0182
  40  0.0005  0.0006  0.0002  0.0000  0.0003  0.0059  0.0078
  41  0.0002  0.0029  0.0080  0.0027  0.0161  0.0363  0.0269
  42  0.0038  0.0046  0.0321  0.0303  0.0086  0.0260  0.0181
  43  0.0015  0.0009  0.0032  0.0095  0.0011  0.0030  0.0067
  44  0.0003  0.0016  0.0174  0.0143  0.0052  0.0109  0.0085
  45  0.0010  0.0339  0.0454  0.0675  0.0094  0.0122  0.0026
  46  0.0000  0.0108  0.0207  0.0320  0.0016  0.0000  0.0000
  47  0.0003  0.0188  0.0160  0.0228  0.0059  0.0047  0.0001
  48  0.0008  0.0338  0.0421  0.0956  0.0285  0.0258  0.0036
  49  0.0000  0.0111  0.0173  0.0353  0.0116  0.0082  0.0020
  50  0.0007  0.0192  0.0158  0.0388  0.0130  0.0122  0.0001
  51  0.0003  0.0132  0.0220  0.0656  0.0211  0.0242  0.0047
  52  0.0000  0.0048  0.0081  0.0261  0.0096  0.0091  0.0026
  53  0.0001  0.0005  0.0002  0.0001  0.0003  0.0022  0.0016
  54  0.0001  0.0057  0.0106  0.0318  0.0086  0.0094  0.0000
  55  0.0039  0.0104  0.0021  0.0005  0.0126  0.0000  0.0011
  56  0.0004  -0.0001  0.0073  0.0020  0.0055  0.0106  0.0021
      29       30       31       32       33       34       35     
   1  0.1008  0.0652  0.0155  0.0029  0.1065  0.0737  0.1010
   2  0.0195  0.0020  0.0028  0.0003  0.0400  0.0267  0.0474
   3  0.0587  0.0220  0.0001  0.0015  0.0012  0.0014  0.0003
   4  0.0142  0.0343  0.0105  0.0002  0.0645  0.0454  0.0556
   5  0.0705  0.0231  0.0057  0.0021  0.0293  0.0181  0.0141
   6  0.0392  0.0089  0.0002  0.0002  0.0023  0.0017  0.0007
   7  0.0221  0.0013  0.0001  0.0000  0.0039  0.0021  0.0010
   8  0.0038  0.0315  0.0221  0.0121  0.0210  0.0209  0.0176
   9  0.0006  0.0031  0.0057  0.0001  0.0055  0.0097  0.0113
  10  0.0003  0.0203  0.0153  0.0071  0.0005  0.0007  0.0006
  11  0.0247  0.0234  0.0027  0.0139  0.0355  0.0189  0.0101
  12  0.0245  0.0162  0.0003  -0.0000  0.0182  0.0069  0.0032
  13  0.0062  0.0036  0.0001  0.0060  0.0115  0.0032  0.0023
  14  0.0025  0.0111  0.0114  0.0315  0.0187  0.0101  0.0015
  15  0.1014  0.0108  0.0125  0.0471  0.0065  0.0088  0.0011
  16  0.0340  0.0027  0.0030  0.0064  0.0001  0.0013  0.0001
  17  0.0529  0.0005  0.0004  0.0019  0.0005  0.0004  0.0002
  18  0.1391  0.0185  0.0383  0.2418  0.0043  0.0339  0.0029
  19  0.0333  0.0068  0.0114  0.0502  0.0007  0.0158  0.0016
  20  0.0131  0.0092  0.0240  0.1750  0.0009  0.0182  0.0013
  21  0.0804  0.0011  0.0018  0.0080  0.0001  0.0001  0.0000
  22  0.0004  0.0741  0.0261  0.0368  0.0188  0.0032  0.0078
  23  0.0000  0.0434  0.0115  0.0040  0.0019  0.0012  0.0026
  24  0.0000  0.0190  0.0096  0.0117  0.0078  0.0008  0.0036
  25  0.0036  0.0781  0.0162  0.0600  0.0119  0.0125  0.0078
  26  0.0015  0.0024  0.0024  0.0011  0.0076  0.0003  0.0023
  27  0.0038  0.0010  0.0018  0.0031  0.0445  0.0020  0.0098
  28  0.0023  0.0182  0.0221  0.0136  0.0201  0.0008  0.0137
  29  0.0000  0.0007  0.0013  0.0012  0.0004  0.0000  0.0001
  30  0.0189  0.0124  0.0725  0.0407  0.1230  0.0082  0.0794
  31  0.0128  0.0176  0.0628  0.0113  0.0274  0.0069  0.0313
  32  0.0032  0.0072  0.0005  0.0005  0.0008  0.0031  0.0000
  33  0.0037  0.0000  0.0382  0.0028  0.0108  0.0013  0.0213
  34  0.0039  0.0146  0.0292  0.0087  0.0238  0.0085  0.0130
  35  0.0083  0.0217  0.0445  0.0145  0.0151  0.0144  0.0090
  36  0.0038  0.0032  0.0174  0.0051  0.0013  0.0012  0.0060
  37  0.0032  0.0098  0.0004  0.0000  0.0015  0.0014  0.0014
  38  0.0182  0.0803  0.1514  0.0460  0.0575  0.0665  0.0226
  39  0.0021  0.0000  0.0672  0.0250  0.0183  0.0120  0.0109
  40  0.0055  0.0504  0.0723  0.0118  0.0368  0.0478  0.0001
  41  0.0083  0.0262  0.0027  0.0070  0.0043  0.0041  0.0095
  42  0.0172  0.0525  0.0208  0.0192  0.0651  0.0041  0.0841
  43  0.0062  0.0152  0.0027  0.0073  0.0403  0.0002  0.0613
  44  0.0100  0.0316  0.0110  0.0082  0.0052  0.0009  0.0130
  45  0.0025  0.0116  0.0139  0.0092  0.0246  0.0276  0.0170
  46  0.0003  0.0008  0.0000  0.0054  0.0023  0.0086  0.0016
  47  0.0000  0.0006  0.0000  0.0000  0.0063  0.0056  0.0027
  48  0.0040  0.0136  0.0148  0.0055  0.0126  0.0329  0.0188
  49  0.0025  0.0063  0.0033  0.0022  0.0000  0.0034  -0.0001
  50  0.0002  0.0002  0.0006  0.0003  0.0008  0.0022  0.0018
  51  0.0057  0.0354  0.0484  0.0141  0.0178  0.1974  0.1355
  52  0.0034  0.0180  0.0125  0.0100  0.0028  0.0316  0.0028
  53  0.0016  0.0156  0.0325  0.0027  0.0037  0.1392  0.1016
  54  0.0001  0.0002  0.0003  0.0005  0.0070  0.0288  0.0253
  55  0.0001  0.0016  0.0017  0.0013  0.0017  0.0032  0.0003
  56  0.0009  0.0010  0.0037  0.0009  0.0044  0.0000  0.0079
      36       37       38       39       40       41       42     
   1  0.0236  0.0006  0.0331  0.0131  0.0176  0.1709  0.0017
   2  0.0159  0.0004  0.0232  0.0024  0.0119  0.0214  0.0002
   3  0.0000  0.0000  0.0000  0.0019  0.0000  0.1616  0.0000
   4  0.0085  0.0000  0.0036  0.0035  0.0010  0.0196  0.0002
   5  0.0028  0.0007  0.0152  0.0073  0.0101  0.1144  0.0024
   6  0.0001  0.0001  0.0020  0.0009  0.0007  0.0897  0.0007
   7  0.0000  0.0001  0.0001  0.0000  0.0014  0.0222  0.0000
   8  0.0144  0.0012  0.0594  0.0149  0.0207  0.0938  0.0052
   9  0.0094  0.0004  0.0349  0.0077  0.0072  0.0030  0.0042
  10  0.0036  0.0003  0.0304  0.0083  0.0116  0.0212  0.0026
  11  0.0027  0.0017  0.0110  0.0253  0.0023  0.0695  0.0097
  12  0.0011  0.0000  0.0029  0.0000  0.0004  0.0011  0.0037
  13  0.0017  0.0012  0.0098  0.0163  0.0011  0.0166  0.0086
  14  0.0060  0.0026  0.0469  0.0320  0.0138  0.0170  0.0020
  15  0.0006  0.0011  0.0125  0.0165  0.0078  0.0035  0.0063
  16  0.0000  0.0005  0.0021  0.0072  0.0031  0.0000  0.0013
  17  0.0003  0.0004  0.0012  0.0121  0.0000  0.0031  0.0050
  18  0.0214  0.0183  0.0397  0.0484  0.0172  0.0461  0.0050
  19  0.0116  0.0058  0.0337  0.0285  0.0136  0.0006  0.0018
  20  0.0111  0.0142  0.0025  0.0001  0.0019  0.0231  0.0002
  21  0.0000  0.0006  0.0032  0.0305  0.0001  0.0278  0.0047
  22  0.0022  0.0373  0.0182  0.0149  0.0210  0.0020  0.0025
  23  -0.0000  0.0001  0.0005  0.0128  0.0021  0.0014  0.0004
  24  0.0002  0.0269  0.0031  0.0036  0.0002  0.0001  0.0003
  25  0.0283  0.1714  0.0274  0.0414  0.1166  0.0010  0.0216
  26  0.0092  0.0137  0.0049  0.0176  0.0008  0.0005  0.0018
  27  0.0405  0.3001  0.1099  0.1725  0.0339  0.0270  0.1095
  28  0.0346  0.1784  0.0130  0.3300  0.0117  0.0076  0.1001
  29  0.0000  0.0174  0.0003  0.0021  0.0000  0.0002  0.0022
  30  0.0761  0.0490  0.0275  0.0150  0.1631  0.0058  0.0551
  31  0.0465  0.0158  0.0086  0.0316  0.0397  0.0011  0.0071
  32  0.0145  0.0107  0.0049  0.0092  0.0010  0.0002  0.0011
  33  0.0104  0.0069  0.0014  0.0184  0.0064  0.0004  0.0044
  34  0.0325  0.0041  0.0103  0.0050  0.0481  0.0005  0.0382
  35  0.0152  0.0027  0.0030  0.0012  0.0235  0.0018  0.0889
  36  0.0001  0.0003  0.0023  0.0005  0.0153  0.0011  0.0334
  37  0.0013  0.0051  0.0001  0.0010  0.0000  0.0011  0.0665
  38  0.0124  0.0339  0.0121  0.0015  0.0705  0.0031  0.0964
  39  0.0007  0.0000  0.0062  0.0002  0.0587  0.0005  0.0259
  40  0.0017  0.0186  0.0080  0.0003  0.0188  0.0012  0.0073
  41  0.0010  0.0207  0.0002  0.0015  0.0007  0.0024  0.0916
  42  0.0284  0.0020  0.0640  0.0075  0.0448  0.0003  0.0291
  43  0.0004  0.0000  0.0392  0.0041  0.0218  0.0000  0.0048
  44  0.0109  0.0017  0.0025  0.0000  0.0007  0.0000  0.0101
  45  0.1009  0.0051  0.0867  0.0060  0.0537  0.0005  0.0186
  46  0.0416  0.0021  0.0064  0.0007  0.0021  0.0000  0.0112
  47  0.0566  0.0037  0.0521  0.0032  0.0166  0.0000  0.0053
  48  0.0032  0.0001  0.0161  0.0022  0.0249  0.0017  0.0141
  49  0.0012  0.0000  0.0003  0.0000  0.0005  0.0008  0.0050
  50  0.0008  0.0002  0.0002  0.0001  0.0000  0.0001  0.0086
  51  0.1411  0.0103  0.0364  0.0038  0.0197  0.0030  0.0301
  52  0.0578  0.0035  0.0118  0.0007  0.0019  0.0014  0.0155
  53  0.0011  0.0004  0.0058  0.0005  0.0006  0.0005  0.0016
  54  0.0851  0.0071  0.0143  0.0016  0.0028  0.0002  0.0188
  55  0.0060  0.0000  0.0262  0.0123  0.0060  0.0063  0.0002
  56  0.0025  0.0003  0.0087  0.0001  0.0281  0.0002  0.0074
      43       44       45       46       47       48       49     
   1  0.0147  0.0058  0.0003  0.0218  0.0203  0.0230  0.0014
   2  0.0041  0.0047  0.0002  0.0177  0.0145  0.0134  0.0000
   3  0.0139  0.0000  0.0002  0.0034  0.0009  0.0001  0.0008
   4  0.0001  0.0028  0.0000  0.0001  0.0003  0.0001  0.0003
   5  0.0214  0.0046  0.0004  0.0213  0.0222  0.0257  0.0005
   6  0.0155  0.0002  0.0003  0.0010  0.0007  0.0015  0.0005
   7  0.0073  0.0043  0.0003  0.0152  0.0102  0.0083  0.0000
   8  0.0062  0.0031  0.0000  0.0077  0.0118  0.0172  0.0032
   9  0.0000  0.0002  0.0000  0.0023  0.0047  0.0076  0.0006
  10  0.0013  0.0006  0.0001  0.0014  0.0037  0.0115  0.0001
  11  0.0147  0.0129  0.0004  0.0256  0.0516  0.0489  0.0060
  12  0.0032  0.0030  0.0001  0.0177  0.0345  0.0320  0.0000
  13  0.0068  0.0011  0.0000  0.0040  0.0232  0.0285  0.0024
  14  0.0146  0.0223  0.0010  0.0057  0.0164  0.0058  0.0007
  15  0.0297  0.0655  0.0056  0.0203  0.0311  0.0112  0.0028
  16  0.0063  0.0249  0.0022  0.0153  0.0104  0.0046  0.0009
  17  0.0244  0.0415  0.0046  0.0091  0.0042  0.0004  0.0026
  18  0.0249  0.0623  0.0052  0.0163  0.0219  0.0085  0.0031
  19  0.0037  0.0162  0.0012  0.0096  0.0131  0.0055  0.0003
  20  0.0030  0.0003  0.0006  0.0000  0.0034  0.0000  0.0005
  21  0.0254  0.0550  0.0051  0.0125  0.0007  0.0005  0.0029
  22  0.0182  0.0220  0.0026  0.0023  0.0129  0.0044  0.0010
  23  0.0005  0.0024  0.0011  0.0016  0.0022  0.0004  0.0002
  24  0.0058  0.0089  0.0001  0.0003  0.0010  0.0000  0.0007
  25  0.1401  0.0740  0.0110  0.0350  0.0769  0.0425  0.0152
  26  0.0030  0.0023  0.0001  0.0014  0.0001  -0.0001  0.0003
  27  0.2978  0.4167  0.1890  0.2858  0.2651  0.0615  0.0210
  28  0.0697  0.0166  0.6820  0.1013  0.1706  0.0403  0.0037
  29  0.0025  0.0001  0.0000  0.0009  0.0003  0.0000  0.0001
  30  0.0938  0.0427  0.0535  0.0271  0.0424  0.0750  0.0306
  31  0.0102  0.0184  0.0071  0.0062  0.0070  0.0028  0.0007
  32  0.0033  0.0094  0.0029  0.0016  0.0042  0.0021  0.0000
  33  0.0014  0.0033  0.0001  0.0005  -0.0000  0.0006  0.0002
  34  0.0087  0.0052  0.0005  0.0036  0.0002  0.0080  0.0165
  35  0.0150  0.0020  0.0013  0.0069  0.0003  0.0079  0.0521
  36  0.0036  0.0004  0.0003  0.0010  0.0000  0.0020  0.0464
  37  0.0110  0.0009  0.0013  0.0075  0.0001  0.0071  0.0069
  38  0.0119  0.0054  0.0023  0.0162  0.0028  0.0357  0.0344
  39  0.0022  0.0009  0.0001  0.0001  0.0014  0.0025  0.0299
  40  0.0013  0.0039  0.0008  0.0095  0.0012  0.0127  0.0005
  41  0.0119  0.0021  0.0020  0.0102  0.0001  0.0282  0.0029
  42  0.0110  0.0037  0.0013  0.0338  0.0170  0.0902  0.0230
  43  0.0022  0.0006  0.0002  0.0029  0.0009  0.0084  0.0048
  44  0.0024  0.0012  0.0008  0.0200  0.0109  0.0565  0.0042
  45  0.0047  0.0067  0.0019  0.0151  0.0103  0.0542  0.0658
  46  0.0000  0.0042  0.0009  0.0017  0.0004  0.0150  0.0456
  47  0.0016  0.0013  0.0005  0.0010  0.0005  0.0005  0.0444
  48  0.0055  0.0022  0.0019  0.0457  0.0240  0.0624  0.1497
  49  0.0021  0.0014  0.0014  0.0355  0.0080  0.0207  0.0618
  50  0.0037  0.0001  0.0001  0.0070  0.0008  0.0004  0.1423
  51  0.0053  0.0043  0.0025  0.0448  0.0243  0.0612  0.0639
  52  0.0027  0.0039  0.0023  0.0396  0.0091  0.0315  0.0190
  53  0.0008  0.0005  0.0002  0.0015  0.0006  0.0019  0.0020
  54  0.0025  0.0004  0.0003  0.0038  0.0016  0.0013  0.0683
  55  0.0004  0.0002  0.0000  0.0000  0.0025  0.0030  0.0002
  56  0.0020  0.0000  0.0001  0.0003  0.0004  0.0046  0.0123
      50       51       52       53       54       55       56     
   1  0.0091  0.0281  0.0316  0.0023  0.0072  0.0056  0.0266
   2  0.0054  0.0250  0.0000  0.0002  0.0069  0.0028  0.0054
   3  0.0001  0.0008  0.0125  0.0001  0.0000  0.0022  0.0035
   4  0.0008  0.0020  0.0263  0.0012  0.0056  0.0013  0.0066
   5  0.0177  0.0712  0.0496  0.0055  0.0298  0.0151  0.0474
   6  0.0003  0.0042  0.0202  0.0009  0.0004  0.0042  0.0195
   7  0.0110  0.0719  0.0001  0.0019  0.0199  0.0085  0.0250
   8  0.0092  0.0819  0.0583  0.0054  0.0252  0.0166  0.1077
   9  0.0031  0.0693  0.0011  0.0031  0.0073  0.0003  0.0467
  10  0.0002  0.0028  0.0010  0.0002  0.0000  0.0084  0.0026
  11  0.0094  0.0248  0.0790  0.0048  0.0253  0.0294  0.1587
  12  0.0048  0.0043  0.0007  0.0000  0.0027  0.0087  0.0593
  13  0.0007  0.0002  0.0318  0.0020  0.0014  0.0048  0.0051
  14  0.0296  0.0243  0.0543  0.0072  0.0335  0.0409  0.0306
  15  0.1142  0.0339  0.0654  0.1011  0.0301  0.0212  0.0315
  16  0.0060  0.0294  0.0006  0.0382  0.0299  0.0119  0.0034
  17  0.0142  0.0005  0.0523  0.0004  0.0056  0.0046  0.0009
  18  0.1065  0.0134  0.0409  0.0882  0.0122  0.0054  0.0347
  19  0.0129  0.0112  0.0001  0.0231  0.0094  0.0017  0.0017
  20  0.0015  0.0018  0.0232  0.0010  0.0000  0.0033  0.0041
  21  0.0087  0.0000  0.0322  0.0007  0.0016  0.0006  0.0004
  22  0.0108  0.0047  0.0136  0.0011  0.0014  0.0004  0.0554
  23  0.0002  0.0069  0.0147  0.0003  0.0022  0.0001  0.0592
  24  0.0144  0.0001  0.0067  0.0033  0.0003  0.0007  0.0437
  25  0.2027  0.0339  0.2640  0.0927  0.0017  0.0125  0.1478
  26  0.0021  0.0000  0.0003  0.0001  0.0022  0.0006  0.0003
  27  0.0611  0.0039  0.0272  0.0277  0.0455  0.0058  0.0041
  28  0.0356  0.0076  0.0305  0.0092  0.0245  0.0031  0.0043
  29  0.0000  0.0000  0.0000  0.0000  0.0000  0.0000  0.0000
  30  0.0601  0.0342  0.0142  0.1841  0.2984  0.0477  0.0135
  31  0.0042  0.0030  0.0036  0.0045  0.0535  0.0147  0.0018
  32  0.0029  0.0012  0.0015  0.0084  0.0395  0.0025  0.0011
  33  0.0012  0.0029  0.0034  0.0001  0.0402  0.0164  0.0020
  34  0.0127  0.0174  0.0015  0.0090  0.0223  0.0314  0.0005
  35  0.0509  0.0889  0.0118  0.1335  0.0362  0.0186  0.0056
  36  0.0000  0.0441  0.0036  0.0038  0.0285  0.0059  0.0023
  37  0.0161  0.0002  0.0003  0.0287  0.0028  0.0080  0.0000
  38  0.0453  0.0576  0.0098  0.1223  0.0117  0.0136  0.0130
  39  0.0015  0.0140  0.0022  0.0086  0.0125  0.0003  0.0063
  40  0.0003  0.0013  0.0001  0.0010  0.0020  0.0075  0.0000
  41  0.0100  0.0003  0.0002  0.0173  0.0035  0.0025  0.0007
  42  0.0039  0.0125  0.0016  0.0012  0.0010  0.0535  0.0006
  43  0.0016  0.0012  0.0000  0.0004  0.0008  0.0007  0.0000
  44  0.0008  0.0086  0.0012  0.0018  0.0001  0.0314  0.0004
  45  0.0107  0.0351  0.0019  0.0074  0.0025  0.1015  0.0002
  46  0.0002  0.0276  0.0001  0.0002  0.0007  0.0754  0.0002
  47  0.0029  0.0032  0.0006  0.0044  0.0000  0.0000  0.0001
  48  0.0233  0.0240  0.0020  0.0143  0.0324  0.1373  0.0005
  49  0.0032  0.0156  0.0003  0.0017  0.0036  0.0599  0.0002
  50  0.0089  0.0078  0.0007  0.0055  0.0158  0.0123  0.0002
  51  0.0154  0.0056  0.0006  0.0097  0.0188  0.0690  0.0001
  52  0.0023  0.0024  0.0003  0.0017  0.0008  0.0168  0.0000
  53  0.0017  0.0015  0.0001  0.0007  0.0005  0.0044  0.0000
  54  0.0048  0.0028  0.0002  0.0023  0.0093  0.0098  0.0000
  55  0.0155  0.0144  -0.0000  0.0042  0.0261  0.0306  0.0145
  56  0.0071  0.0140  0.0001  0.0012  0.0045  0.0075  0.0000
      57       58       59       60       61       62       63     
   1  0.0967  0.0227  0.1514  0.0005  0.0002  0.0076  0.0003
   2  0.0114  0.0021  -0.0001  0.0000  0.0000  0.0007  0.0000
   3  0.0136  0.0003  0.0065  0.0001  0.0000  0.0001  0.0003
   4  0.0004  0.0016  0.0284  0.0000  0.0000  0.0054  0.0004
   5  0.1109  0.0250  0.1928  0.0008  0.0004  0.0818  0.0066
   6  0.0235  0.0001  0.0108  0.0002  0.0000  0.0061  0.0034
   7  0.0241  0.0041  0.0010  0.0000  0.0001  0.0016  0.0000
   8  0.0385  0.0048  0.1558  0.0005  0.0000  0.0692  0.0209
   9  0.0235  0.0002  0.0086  0.0000  0.0000  0.0021  0.0001
  10  0.0303  0.0047  0.0661  0.0004  0.0000  0.0073  0.0003
  11  0.0441  0.0019  0.0353  0.0001  0.0004  0.1659  0.0185
  12  0.0277  0.0002  0.0170  0.0000  0.0000  0.0013  0.0002
  13  0.0220  0.0011  0.0015  0.0000  0.0002  0.0317  0.0009
  14  0.0885  0.0010  0.0597  0.0006  0.0012  0.2599  0.0320
  15  0.0598  0.0012  0.0302  0.0003  0.0005  0.0358  0.0289
  16  0.0201  0.0003  0.0174  0.0000  0.0000  0.0005  0.0001
  17  0.0013  0.0001  0.0005  0.0000  0.0000  0.0295  0.0016
  18  0.0138  0.0001  0.0155  0.0002  0.0006  0.0446  0.0059
  19  0.0031  0.0001  0.0040  0.0000  0.0000  0.0004  0.0001
  20  0.0125  0.0000  -0.0000  0.0001  0.0000  0.0004  0.0029
  21  0.0000  0.0000  0.0000  0.0000  0.0000  0.0051  0.0000
  22  0.0190  0.0005  0.0354  0.0005  0.0014  0.1444  0.0094
  23  0.0153  0.0002  0.0155  0.0002  0.0002  0.0295  0.0001
  24  0.0178  0.0000  0.0029  0.0000  0.0002  0.0068  0.0049
  25  0.0703  0.0102  0.0505  0.0012  0.0016  0.0494  0.0024
  26  0.0001  0.0012  0.0004  0.0001  0.0002  0.0004  0.0002
  27  0.0030  0.0039  0.0005  0.0001  0.0001  0.0008  0.0002
  28  0.0040  0.0015  0.0048  0.0000  0.0006  0.0016  0.0006
  29  0.0000  0.0000  0.0000  0.0000  0.0000  0.0000  0.0000
  30  0.0020  0.0864  0.0020  0.0102  0.0693  0.0024  0.0524
  31  0.0006  0.0527  0.0012  0.0111  0.0698  0.0002  0.1244
  32  0.0009  0.0322  0.0010  0.0047  0.0013  0.0001  0.0334
  33  0.0004  0.0660  0.0012  0.0034  0.0079  0.0003  0.0016
  34  0.0071  0.1695  0.0086  0.1183  0.2304  0.0011  0.1868
  35  0.0115  0.0949  0.0043  0.0269  0.0711  0.0009  0.1406
  36  0.0007  0.0358  0.0018  0.0027  0.0045  0.0002  -0.0000
  37  0.0001  0.0013  0.0001  0.0141  0.0391  0.0000  0.0011
  38  0.0123  0.0173  0.0018  0.0070  0.0325  0.0003  0.0590
  39  0.0024  0.0065  0.0013  0.0001  0.0026  0.0001  0.0000
  40  0.0016  0.0158  0.0009  0.0045  0.0006  0.0001  0.0150
  41  0.0006  0.0004  0.0000  0.0014  0.0043  0.0000  0.0010
  42  0.0088  0.0384  0.0030  0.1202  0.2302  0.0008  0.0671
  43  0.0002  0.0054  0.0000  0.0785  0.0034  0.0001  0.0058
  44  0.0053  0.0054  0.0005  0.0000  0.0151  0.0000  0.0203
  45  0.0135  0.0186  0.0024  0.1952  0.1032  0.0008  0.0863
  46  0.0131  0.0000  0.0002  0.0038  0.0004  0.0001  0.0057
  47  0.0003  0.0092  0.0000  0.0340  0.0304  0.0000  0.0006
  48  0.0291  0.0586  0.0057  0.2259  0.0306  0.0005  0.0268
  49  0.0172  0.0003  0.0006  0.0030  0.0001  0.0001  0.0007
  50  0.0001  0.0151  0.0001  0.0121  0.0025  0.0000  0.0003
  51  0.0136  0.0582  0.0055  0.0532  0.0327  0.0004  0.0254
  52  0.0051  0.0005  0.0003  0.0003  0.0003  0.0000  0.0000
  53  0.0003  0.0036  0.0006  0.0341  0.0056  0.0000  0.0047
  54  0.0004  0.0059  0.0001  0.0008  0.0000  0.0000  0.0000
  55  0.0577  0.0002  0.0402  0.0000  0.0001  0.0009  0.0000
  56  0.0000  0.1129  0.0043  0.0287  0.0034  0.0003  0.0000
      64       65       66       67       68       69       70     
   1  0.0024  0.0000  0.0007  0.0363  0.0084  0.0142  0.0212
   2  0.0002  0.0000  0.0001  0.0066  0.0031  0.0008  0.0052
   3  0.0017  0.0000  0.0001  0.0061  0.0003  0.0059  -0.0000
   4  0.0025  0.0000  0.0001  0.0091  0.0008  0.0127  0.0005
   5  0.0387  0.0003  0.0020  0.1033  0.0138  0.0598  0.0332
   6  0.0190  0.0000  0.0003  0.0144  0.0020  0.0284  0.0006
   7  0.0000  0.0000  0.0004  0.0270  0.0047  0.0000  0.0128
   8  0.1146  0.0003  0.0063  0.1144  0.0268  0.1077  0.0244
   9  0.0002  0.0000  0.0014  0.0282  0.0016  0.0006  0.0091
  10  0.0025  0.0000  0.0016  0.0236  0.0085  0.0006  0.0159
  11  0.0941  0.0015  0.0256  0.1546  0.0164  0.1229  0.0165
  12  0.0005  0.0002  0.0088  0.0267  0.0001  0.0024  0.0023
  13  0.0082  0.0000  0.0069  0.0379  0.0018  0.0000  0.0067
  14  0.1983  0.0026  0.0657  0.1302  0.0255  0.1608  0.0082
  15  0.1684  0.0001  0.0105  0.0648  0.0285  0.1516  0.0040
  16  0.0000  0.0002  0.0071  0.0142  0.0035  0.0102  0.0002
  17  0.0069  0.0000  0.0000  0.0305  0.0029  0.0257  0.0031
  18  0.0431  0.0002  0.0109  0.0342  0.0055  0.0302  0.0017
  19  0.0003  0.0000  0.0017  0.0016  0.0022  0.0081  0.0000
  20  0.0177  0.0000  0.0001  0.0013  0.0056  0.0304  0.0004
  21  0.0001  0.0000  0.0002  0.0098  0.0004  0.0045  0.0010
  22  0.0758  0.0410  0.4466  0.0629  0.0136  0.0302  0.0108
  23  0.0003  0.0019  0.0049  0.0094  0.0014  0.0186  0.0022
  24  0.0305  0.0013  0.0025  0.0024  0.0058  0.0185  0.0000
  25  0.0297  0.0073  0.1649  0.0012  0.0026  0.0002  0.0032
  26  0.0003  0.0434  0.0491  0.0033  0.0028  0.0002  0.0016
  27  0.0004  0.0058  0.0062  0.0004  0.0004  0.0001  0.0002
  28  0.0011  0.0051  0.0184  0.0032  0.0017  0.0000  0.0002
  29  0.0000  0.0009  0.0177  0.0049  0.0023  0.0000  0.0000
  30  0.0163  0.1521  0.0107  0.0005  0.0016  0.0001  0.0047
  31  0.0223  0.4418  0.0198  0.0019  0.0281  0.0062  0.0927
  32  0.0049  0.0059  0.0011  0.0000  0.0196  0.0037  0.0021
  33  0.0010  0.0123  0.0006  0.0010  0.0072  0.0006  0.0081
  34  0.0308  0.0675  0.0125  0.0016  0.1481  0.0209  0.0681
  35  0.0196  0.0171  0.0065  0.0024  0.1522  0.0255  0.0488
  36  0.0001  0.0001  0.0008  0.0014  0.0432  0.0058  0.0086
  37  0.0001  0.0095  0.0030  0.0002  -0.0001  0.0000  0.0003
  38  0.0094  0.0062  0.0009  0.0060  0.0304  0.0073  0.0517
  39  0.0000  0.0005  0.0002  0.0025  0.0174  0.0032  0.0054
  40  0.0021  0.0009  0.0000  0.0001  0.0213  0.0043  0.0024
  41  0.0001  0.0011  0.0005  0.0001  0.0006  0.0002  0.0004
  42  0.0095  0.1060  0.0075  0.0019  0.0717  0.0163  0.1061
  43  0.0005  0.0102  0.0026  0.0005  0.0323  0.0020  0.0155
  44  0.0038  -0.0001  0.0001  0.0010  0.0016  0.0028  0.0727
  45  0.0112  0.0144  0.0013  0.0008  0.0893  0.0190  0.0950
  46  0.0015  0.0000  0.0000  0.0005  0.0041  0.0042  0.0543
  47  0.0000  0.0135  0.0013  0.0000  0.0017  0.0001  0.0001
  48  0.0036  0.0055  0.0015  0.0008  0.0454  0.0085  0.0611
  49  0.0005  0.0001  0.0000  0.0004  0.0013  0.0029  0.0303
  50  0.0000  0.0029  0.0006  0.0001  0.0030  0.0002  0.0030
  51  0.0038  0.0032  0.0003  0.0002  0.0231  0.0077  0.0391
  52  0.0001  0.0002  0.0000  0.0002  0.0011  0.0016  0.0140
  53  0.0005  0.0004  0.0001  0.0001  0.0049  0.0001  0.0088
  54  0.0000  0.0008  0.0002  0.0000  0.0002  0.0000  0.0035
  55  0.0006  0.0035  0.0631  0.0122  0.0031  0.0066  0.0002
  56  0.0001  0.0121  0.0035  0.0014  0.0545  0.0048  0.0176
      71       72       73       74       75       76       77     
   1  0.0067  0.0566  0.0372  0.0538  0.0010  0.0478  0.1004
   2  0.0033  0.0157  0.0059  0.0091  0.0002  0.0142  0.0159
   3  0.0000  0.0006  0.0101  0.0231  0.0004  0.0025  0.0657
   4  0.0004  0.0001  0.0086  0.0175  0.0002  0.0368  0.0001
   5  0.0112  0.0566  0.0404  0.0812  0.0008  0.0627  0.1112
   6  0.0001  -0.0000  0.0111  0.0424  0.0000  0.0094  0.0677
   7  0.0067  0.0336  0.0075  0.0228  0.0001  0.0094  0.0284
   8  0.0071  0.0824  0.0419  0.0508  0.0014  0.0749  0.0156
   9  0.0051  0.0513  0.0248  0.0076  0.0008  0.0022  0.0019
  10  0.0021  0.0452  0.0110  0.0066  0.0001  0.0038  0.0120
  11  0.0054  0.0398  0.0205  0.0246  0.0014  0.0205  0.0134
  12  0.0022  0.0275  0.0121  0.0001  0.0015  0.0070  0.0001
  13  0.0035  0.0203  0.0123  0.0026  0.0000  0.0005  0.0002
  14  0.0052  0.0038  0.0192  0.0303  0.0029  0.0254  0.0808
  15  0.0025  0.0027  0.0207  0.0645  0.0021  0.1611  0.1172
  16  0.0000  0.0015  0.0118  0.0391  0.0000  0.0745  0.0013
  17  0.0005  0.0002  0.0003  0.0003  0.0001  0.0823  0.0090
  18  0.0030  0.0012  0.0145  0.0612  0.0016  0.1199  0.1082
  19  0.0000  0.0002  0.0066  0.0307  0.0000  0.0425  0.0006
  20  0.0000  0.0001  0.0018  0.0030  0.0006  0.0177  0.0189
  21  0.0006  0.0000  0.0004  0.0000  0.0000  0.0651  0.0112
  22  0.0065  0.0293  0.0253  0.0260  0.0004  0.0386  0.0603
  23  0.0012  0.0008  0.0049  0.0071  0.0000  0.0000  0.0023
  24  0.0009  0.0025  0.0000  0.0011  0.0000  0.0115  0.0092
  25  0.0003  0.0084  0.0057  0.0040  0.0003  0.0080  0.0007
  26  0.0117  0.0018  0.0039  0.0335  0.0038  0.0026  0.0100
  27  0.0009  0.0002  0.0003  0.0031  0.0005  0.0002  0.0010
  28  0.0011  0.0004  0.0012  0.0668  0.0043  0.0029  0.0267
  29  0.0001  0.0002  0.0017  0.1345  0.0094  0.0059  0.0569
  30  0.0325  0.0037  0.0005  0.0023  0.0025  0.0001  0.0006
  31  0.1283  0.0139  0.0693  0.0195  0.0188  0.0028  0.0015
  32  0.0001  0.0002  -0.0000  0.0033  0.0044  0.0013  0.0000
  33  0.0169  0.0014  0.0212  0.0113  0.0009  0.0000  0.0002
  34  0.0768  0.0123  0.0565  0.0084  0.0467  0.0040  0.0040
  35  0.0368  0.0132  0.0587  0.0179  0.1589  0.0019  0.0062
  36  0.0001  0.0007  0.0275  0.0073  0.0491  0.0012  0.0036
  37  0.0286  0.0057  0.0001  0.0003  0.1072  0.0003  0.0017
  38  0.0263  0.0085  0.0506  0.0139  0.1180  0.0031  0.0004
  39  0.0048  0.0025  0.0097  0.0021  0.0151  0.0015  0.0002
  40  0.0081  0.0009  0.0005  -0.0000  0.0384  0.0003  0.0000
  41  0.0066  0.0022  0.0002  0.0008  0.0767  0.0012  0.0006
  42  0.0515  0.0450  0.0105  0.0006  0.0387  0.0044  0.0001
  43  0.0106  0.0233  0.0014  0.0002  0.0006  0.0007  0.0000
  44  0.0056  0.0153  0.0022  0.0000  0.0078  0.0010  0.0000
  45  0.1232  0.0940  0.0565  0.0068  0.0145  0.0042  0.0072
  46  0.0005  0.0388  0.0176  0.0031  0.0000  0.0006  0.0000
  47  0.0784  0.0135  0.0032  0.0034  0.0085  0.0010  0.0020
  48  0.1107  0.0924  0.0828  0.0070  0.0776  0.0057  0.0087
  49  -0.0000  0.0415  0.0435  0.0040  0.0036  0.0002  0.0008
  50  0.0636  0.0135  0.0132  0.0046  0.0564  0.0001  0.0015
  51  0.0484  0.0370  0.0375  0.0051  0.0701  0.0050  0.0067
  52  0.0003  0.0150  0.0201  0.0020  0.0014  0.0004  0.0005
  53  0.0222  0.0138  0.0124  0.0000  0.0020  0.0005  0.0027
  54  0.0297  0.0056  0.0068  0.0029  0.0436  0.0000  0.0010
  55  0.0008  0.0022  0.0093  0.0176  0.0011  0.0085  0.0000
  56  0.0002  0.0012  0.0269  0.0084  0.0032  0.0001  0.0026
      78       79       80       81       82       83       84     
   1  0.0142  0.0468  0.1569  0.0032  0.0048  0.0789  0.1243
   2  0.0001  0.0007  0.0849  0.0013  0.0006  0.0014  0.0164
   3  0.0034  0.0001  0.0072  0.0006  0.0004  0.0065  0.0880
   4  0.0001  0.0253  -0.0000  0.0002  0.0016  0.0493  0.0013
   5  0.0097  0.0548  0.1005  0.0016  0.0043  0.0164  0.0358
   6  0.0015  0.0010  0.0010  0.0000  0.0016  0.0003  0.0070
   7  0.0003  0.0001  0.0387  0.0003  0.0001  0.0001  0.0000
   8  0.0095  0.0487  0.0277  0.0008  0.0034  0.0319  0.1082
   9  0.0045  -0.0000  0.0155  0.0005  0.0006  0.0085  0.0222
  10  0.0079  0.0123  0.0000  0.0001  0.0007  0.0004  0.0023
  11  0.0049  0.0095  0.1488  0.0011  0.0003  0.1092  0.1315
  12  0.0035  0.0027  0.1022  0.0009  0.0002  0.0010  -0.0001
  13  0.0018  0.0012  0.0326  0.0003  0.0000  0.0139  0.0583
  14  0.0051  0.0033  0.0193  0.0002  0.0015  0.1160  0.0443
  15  0.0201  0.0259  0.0210  0.0004  0.0054  0.0725  0.0919
  16  0.0061  0.0053  0.0189  0.0001  0.0002  0.0025  0.0003
  17  0.0001  0.0038  0.0022  0.0003  0.0014  0.0192  0.0082
  18  0.0211  0.0274  0.0633  0.0016  0.0064  0.1997  0.1394
  19  0.0063  0.0075  0.0412  0.0005  0.0004  0.0020  0.0009
  20  0.0010  0.0008  0.0009  0.0000  0.0003  0.0380  0.0604
  21  0.0004  0.0020  0.0190  0.0010  0.0024  0.1160  0.0004
  22  0.0098  0.0471  0.0346  0.0008  0.0027  0.0608  0.0283
  23  0.0024  0.0124  0.0012  0.0001  0.0000  0.0276  0.0002
  24  0.0004  0.0001  0.0165  0.0001  0.0000  0.0023  0.0073
  25  0.0022  0.0143  0.0045  0.0002  0.0016  0.0045  0.0024
  26  0.0042  0.0483  0.0019  0.0002  0.0101  0.0024  0.0018
  27  0.0005  0.0058  0.0001  0.0001  0.0005  0.0001  0.0001
  28  0.0114  0.1374  0.0008  0.0034  0.0019  0.0011  0.0002
  29  0.0242  0.2960  0.0015  0.0084  0.0032  0.0027  0.0001
  30  0.0040  0.0024  0.0004  0.0002  0.0150  0.0001  0.0001
  31  0.0385  0.0150  0.0007  0.0059  0.0602  0.0007  0.0006
  32  0.0145  0.0089  0.0000  0.0035  0.0041  0.0001  0.0000
  33  0.0001  0.0024  0.0001  0.0004  0.0118  0.0002  0.0002
  34  0.0567  0.0133  0.0008  0.0289  0.1173  0.0006  0.0001
  35  0.0650  0.0132  0.0031  0.1440  0.0392  0.0004  0.0002
  36  0.0167  0.0005  0.0008  0.0025  0.0212  0.0001  0.0001
  37  0.0071  0.0001  0.0002  0.0285  0.0001  0.0000  0.0000
  38  0.0575  0.0143  0.0055  0.1511  0.1531  0.0011  0.0003
  39  0.0146  0.0000  0.0024  0.0041  0.0977  0.0007  0.0000
  40  0.0141  0.0060  0.0007  0.0002  0.0000  0.0000  0.0000
  41  0.0135  0.0002  0.0001  0.0488  0.0406  0.0001  0.0001
  42  0.0488  0.0091  0.0017  0.0829  0.0756  0.0008  0.0002
  43  0.0060  0.0001  0.0000  0.0146  0.0367  0.0005  0.0000
  44  -0.0001  0.0006  0.0008  0.0665  0.0027  0.0001  0.0000
  45  0.0493  0.0046  0.0002  0.0669  0.0200  0.0004  0.0005
  46  0.0038  0.0002  0.0001  0.0264  0.0043  0.0001  0.0003
  47  0.0002  0.0000  0.0000  0.0356  0.0010  0.0001  0.0000
  48  0.1692  0.0227  0.0017  0.0226  0.0134  0.0001  0.0002
  49  0.0332  0.0083  0.0018  0.0159  0.0000  0.0000  0.0000
  50  0.0010  0.0021  0.0006  0.0071  0.0125  0.0000  0.0000
  51  0.1628  0.0227  0.0032  0.1056  0.0785  0.0008  0.0002
  52  0.0333  0.0086  0.0023  0.0673  0.0002  0.0000  0.0001
  53  0.0111  0.0012  0.0001  0.0087  0.0347  0.0005  0.0000
  54  0.0001  0.0016  0.0008  0.0332  0.0422  0.0001  0.0000
  55  0.0000  0.0001  0.0090  0.0000  0.0000  0.0067  0.0153
  56  0.0023  0.0010  0.0000  0.0004  0.0610  0.0004  0.0000
      85       86       87       88       89       90       91     
   1  0.0013  0.0052  0.0413  0.0062  0.0503  0.0452  0.2574
   2  0.0007  0.0000  0.0047  0.0000  0.0018  0.0230  0.0791
   3  0.0004  0.0000  0.0009  0.0036  0.0252  0.0002  0.0009
   4  0.0001  0.0019  0.0113  0.0015  0.0041  0.0126  0.1217
   5  0.0006  0.0069  0.0395  0.0013  0.0304  0.0121  0.1181
   6  0.0008  0.0020  0.0078  0.0002  0.0016  0.0003  0.0056
   7  0.0000  0.0000  0.0001  0.0002  0.0014  0.0014  0.0212
   8  0.0031  0.0101  0.0462  0.0045  0.0859  0.0207  0.0924
   9  0.0014  0.0030  0.0203  0.0001  0.0034  0.0069  0.0250
  10  0.0006  0.0047  0.0197  0.0006  0.0377  0.0038  0.0079
  11  0.0008  0.0003  0.0098  0.0055  0.0664  0.0081  0.0126
  12  0.0002  0.0000  0.0004  0.0001  0.0007  0.0004  0.0054
  13  0.0000  0.0004  0.0041  0.0006  0.0167  0.0016  0.0011
  14  0.0013  0.0031  0.0969  0.0044  0.0772  0.0037  0.0192
  15  0.0001  0.0005  0.0183  0.0034  0.0466  0.0020  0.0236
  16  0.0000  0.0000  0.0014  0.0004  0.0017  0.0001  0.0077
  17  0.0000  0.0002  0.0063  0.0002  0.0087  0.0007  0.0002
  18  0.0008  0.0040  0.1783  0.0111  0.0864  0.0046  0.0342
  19  0.0003  0.0022  0.1120  0.0024  0.0024  0.0009  0.0093
  20  0.0000  0.0012  0.0350  0.0063  0.0543  0.0008  0.0113
  21  0.0004  0.0000  0.0058  0.0001  0.0062  0.0019  0.0035
  22  0.0005  0.0034  0.1144  0.0167  0.1460  0.0110  0.0281
  23  0.0000  0.0016  0.0588  0.0030  0.0056  0.0005  0.0147
  24  0.0003  0.0002  0.0146  0.0087  0.0879  0.0063  0.0005
  25  0.0001  0.0002  0.0047  0.0005  0.0020  0.0006  0.0004
  26  0.0008  0.0003  0.0065  0.0006  0.0010  0.0006  0.0006
  27  0.0001  0.0000  0.0011  0.0000  0.0000  0.0001  0.0002
  28  0.0000  0.0000  0.0016  0.0014  0.0002  0.0002  0.0000
  29  0.0000  0.0000  0.0040  0.0039  0.0003  0.0005  0.0000
  30  0.0005  0.0013  0.0010  0.0032  0.0002  0.0006  0.0003
  31  0.0313  0.0896  0.0172  0.1488  0.0010  0.0517  0.0051
  32  0.0127  0.0021  0.0058  0.0910  0.0004  0.0270  0.0007
  33  0.0018  0.0477  0.0076  0.0388  0.0005  0.0008  0.0004
  34  0.0094  0.0962  0.0018  0.0281  0.0033  0.0474  0.0088
  35  0.0436  0.0486  0.0033  0.0024  0.0025  0.0463  0.0056
  36  0.0006  0.0034  0.0007  0.0005  0.0004  0.0015  0.0008
  37  0.0029  0.0035  0.0001  0.0000  0.0007  0.0195  0.0010
  38  0.1992  0.0990  0.0104  0.0177  0.0077  0.1100  0.0065
  39  0.0293  0.0212  0.0032  0.0068  0.0001  0.0001  0.0005
  40  0.1173  0.0175  0.0033  0.0075  0.0023  0.0537  0.0021
  41  0.0003  0.0254  0.0016  0.0003  0.0045  0.0359  0.0020
  42  0.0958  0.0814  0.0026  0.0951  0.0180  0.0656  0.0081
  43  0.0101  0.0288  0.0006  0.0269  0.0044  0.0007  0.0005
  44  0.0143  0.0001  0.0005  0.0033  0.0069  0.0293  0.0023
  45  0.1320  0.0426  0.0026  0.1034  0.0179  0.0640  0.0106
  46  -0.0001  0.0329  0.0003  0.0434  0.0051  0.0009  0.0019
  47  0.0382  0.0041  0.0008  0.0077  0.0101  0.0306  0.0025
  48  0.1020  0.0067  0.0014  0.0689  0.0052  0.0301  0.0061
  49  0.0124  0.0008  0.0002  -0.0001  0.0007  0.0034  0.0003
  50  0.0049  0.0021  0.0000  0.0219  0.0028  0.0029  0.0009
  51  0.0938  0.1545  0.0033  0.1190  0.0269  0.1109  0.0149
  52  0.0000  0.0741  0.0004  0.0263  0.0018  0.0007  0.0002
  53  0.0092  0.0617  0.0018  0.0270  0.0081  0.0301  0.0038
  54  0.0228  0.0002  0.0000  0.0218  0.0128  0.0575  0.0074
  55  0.0006  0.0017  0.0629  0.0002  0.0032  0.0007  0.0030
  56  0.0001  0.0014  0.0006  0.0027  0.0004  0.0075  0.0015
      92       93       94       95       96       97       98     
   1  0.0498  0.0090  0.0126  0.0727  0.0543  0.0249  0.0125
   2  0.0092  0.0007  0.0000  0.0301  0.0040  0.0031  -0.0000
   3  0.0159  0.0019  0.0038  0.0210  0.0286  0.0127  0.0054
   4  0.0115  0.0039  0.0058  0.0002  0.0031  0.0004  0.0003
   5  0.0545  0.0127  0.0116  0.1099  0.0910  0.0428  0.0385
   6  0.0249  0.0055  0.0031  0.0287  0.0324  0.0135  0.0045
   7  0.0025  0.0000  0.0000  0.0442  0.0231  0.0157  0.0156
   8  0.0571  0.0188  0.0107  0.0194  0.0622  0.0185  0.1130
   9  0.0049  0.0016  0.0033  0.0008  0.0279  0.0067  0.0237
  10  0.0266  0.0090  0.0004  0.0006  0.0043  0.0014  0.0399
  11  0.0479  0.0126  0.0052  0.0791  0.0293  0.0056  0.1721
  12  0.0129  0.0022  0.0008  0.0460  0.0065  0.0000  0.0366
  13  0.0142  0.0049  0.0000  0.0008  0.0006  0.0000  0.0702
  14  0.0273  0.0171  0.0092  0.0592  0.0462  0.0119  0.1118
  15  0.0479  0.0251  0.0078  0.1032  0.1147  0.0254  0.0700
  16  0.0015  0.0000  0.0015  0.0516  0.0392  0.0069  0.0071
  17  0.0241  0.0104  0.0007  0.0032  0.0358  0.0098  0.0277
  18  0.0565  0.0269  0.0075  0.0745  0.0699  0.0147  0.0322
  19  0.0018  0.0000  0.0025  0.0373  0.0163  0.0017  0.0001
  20  0.0214  0.0130  0.0027  0.0088  0.0017  0.0009  0.0041
  21  0.0215  0.0077  0.0001  0.0071  0.0303  0.0073  0.0139
  22  0.0812  0.0433  0.0215  0.0847  0.0094  0.0007  0.0445
  23  0.0446  0.0210  0.0062  0.0340  0.0013  0.0000  0.0000
  24  0.0224  0.0136  0.0102  0.0244  0.0008  0.0001  0.0215
  25  0.0015  0.0005  0.0002  0.0010  0.0015  0.0006  0.0009
  26  0.0017  0.0011  0.0055  0.0007  0.0027  0.0024  0.0033
  27  0.0003  0.0002  0.0004  0.0001  0.0001  0.0002  0.0005
  28  0.0020  0.0002  0.0013  0.0000  0.0001  0.0001  0.0012
  29  0.0057  0.0002  0.0033  0.0001  0.0000  0.0002  0.0015
  30  0.0016  0.0008  0.0034  0.0002  0.0005  0.0003  0.0004
  31  0.0576  0.0621  0.0335  0.0013  0.0233  0.0327  0.0035
  32  0.0099  0.0031  0.0139  0.0002  0.0119  0.0153  0.0017
  33  0.0323  0.0354  0.0094  0.0004  0.0038  0.0041  0.0000
  34  0.0242  0.0411  0.0471  0.0032  0.0192  0.0289  0.0095
  35  0.0327  0.0277  0.1466  0.0107  0.0112  0.0566  0.0144
  36  0.0167  0.0049  0.0705  0.0045  0.0001  0.0046  0.0026
  37  0.0000  0.0025  0.0197  0.0014  0.0032  0.0262  0.0047
  38  0.0228  0.0263  0.1401  0.0059  0.0120  0.0352  0.0121
  39  0.0067  0.0054  0.0693  0.0029  0.0025  0.0005  0.0056
  40  0.0031  0.0138  0.0030  0.0009  0.0048  0.0076  0.0005
  41  0.0043  0.0008  0.0308  0.0011  0.0017  0.0167  0.0056
  42  0.0105  0.0795  0.0884  0.0028  0.0066  0.0034  0.0082
  43  0.0001  0.0238  0.0455  0.0000  0.0028  0.0006  0.0001
  44  0.0029  0.0254  0.0026  0.0015  0.0017  0.0001  0.0029
  45  0.0134  0.0646  0.0411  0.0022  0.0172  0.0825  0.0064
  46  0.0000  0.0039  0.0054  0.0010  0.0039  0.0227  0.0021
  47  0.0006  0.0031  0.0088  0.0000  0.0072  0.0283  0.0014
  48  0.0214  0.0979  0.0241  0.0054  0.0432  0.1602  0.0021
  49  0.0063  0.0289  0.0038  0.0023  0.0164  0.0431  0.0005
  50  0.0005  0.0028  0.0020  0.0013  0.0116  0.0605  0.0003
  51  0.0220  0.1033  0.0293  0.0033  0.0235  0.0782  0.0009
  52  0.0047  0.0225  0.0062  0.0006  0.0079  0.0243  0.0001
  53  0.0112  0.0527  0.0129  0.0000  0.0004  0.0002  0.0000
  54  0.0000  0.0017  0.0028  0.0016  0.0072  0.0264  0.0004
  55  0.0002  0.0006  0.0003  0.0020  0.0136  0.0042  0.0388
  56  0.0015  0.0026  0.0016  0.0000  0.0054  0.0084  0.0026
      99       100      101      102      103      104      105    
   1  0.0006  0.0000  0.0011  0.0000  0.0046  0.0005  0.0694
   2  0.0001  0.0000  0.0004  0.0000  0.0021  0.0001  0.0339
   3  0.0000  0.0000  0.0002  0.0000  0.0013  0.0002  0.0312
   4  0.0003  0.0000  0.0001  0.0000  0.0011  0.0001  0.0252
   5  0.0033  0.0001  0.0054  0.0001  0.0077  0.0019  0.0981
   6  0.0009  0.0000  0.0017  0.0000  0.0051  0.0009  0.0753
   7  0.0002  0.0000  0.0017  0.0001  0.0044  -0.0001  0.0868
   8  0.0134  0.0004  0.0083  0.0002  0.0297  0.0074  0.0867
   9  0.0025  0.0002  0.0110  0.0002  0.0163  0.0014  0.0660
  10  0.0074  0.0001  -0.0006  0.0000  0.0183  0.0009  0.0614
  11  0.0140  0.0003  0.0070  0.0002  0.0643  0.0274  0.0592
  12  0.0036  -0.0000  0.0055  0.0001  0.0406  0.0143  0.0133
  13  0.0031  0.0000  0.0046  0.0001  0.0366  0.0067  0.0120
  14  0.0090  0.0033  0.0022  0.0006  0.0558  0.0284  0.0244
  15  0.0066  0.0009  0.0034  0.0002  0.0531  0.0270  0.0133
  16  0.0011  0.0003  0.0011  0.0001  0.0310  0.0163  0.0103
  17  0.0028  0.0000  0.0012  0.0000  0.0243  0.0124  0.0106
  18  0.0026  0.0001  0.0005  0.0000  0.0177  0.0083  0.0077
  19  0.0000  0.0000  0.0002  0.0000  0.0071  0.0032  0.0033
  20  0.0001  0.0000  0.0000  0.0000  0.0034  0.0016  0.0026
  21  0.0012  0.0000  0.0001  0.0000  0.0049  0.0024  0.0034
  22  0.0015  0.0362  0.0311  0.0023  0.0869  0.0345  0.0081
  23  0.0000  0.0001  0.0102  0.0000  0.0350  0.0246  0.0057
  24  0.0009  -0.0002  0.0021  0.0002  0.0432  0.0228  0.0072
  25  0.0004  0.0848  0.0801  0.0248  0.0167  0.0057  0.0056
  26  0.0033  0.6516  0.5447  0.5894  0.0822  0.0211  0.0687
  27  0.0005  0.0205  0.0547  0.0655  0.0097  0.0009  0.0122
  28  0.0007  0.0280  0.0484  0.1593  0.0094  0.0006  0.0006
  29  0.0012  0.0064  0.0377  0.0741  0.0025  0.0006  0.0014
  30  0.0008  0.0932  0.0225  0.0587  0.0086  0.0129  0.0038
  31  0.0518  0.0456  0.0158  0.0141  0.0247  0.0751  0.0081
  32  0.0267  0.0004  0.0103  0.0011  0.0071  0.0280  0.0075
  33  0.0052  0.0022  0.0016  0.0027  0.0126  0.0413  0.0064
  34  0.1316  0.0092  0.0100  0.0027  0.0143  0.0541  0.0088
  35  0.0958  0.0047  0.0175  0.0004  0.0110  0.0420  0.0077
  36  0.0139  0.0020  0.0098  0.0001  0.0075  0.0191  0.0060
  37  0.0409  0.0005  0.0040  0.0002  0.0065  0.0201  0.0029
  38  0.0418  0.0004  0.0058  0.0000  0.0054  0.0125  0.0040
  39  0.0002  0.0002  0.0017  0.0000  0.0017  0.0059  0.0020
  40  0.0083  0.0000  0.0006  0.0000  0.0021  0.0017  0.0001
  41  0.0166  0.0000  0.0013  0.0000  0.0022  0.0030  0.0001
  42  0.1122  0.0006  0.0103  0.0001  0.0162  0.0556  0.0043
  43  0.0185  0.0000  0.0030  0.0000  0.0122  0.0422  0.0005
  44  0.0427  0.0000  0.0034  0.0000  0.0108  0.0403  0.0006
  45  0.0909  0.0002  0.0025  0.0000  0.0086  0.0342  0.0028
  46  0.0357  0.0002  0.0022  0.0000  0.0061  0.0270  0.0006
  47  0.0140  0.0000  0.0009  0.0000  0.0050  0.0220  0.0007
  48  0.0550  0.0004  0.0024  0.0000  0.0058  0.0252  0.0027
  49  0.0118  0.0003  0.0026  0.0000  0.0028  0.0162  0.0014
  50  0.0204  0.0001  -0.0001  0.0000  0.0033  0.0129  0.0022
  51  0.0181  0.0001  0.0012  0.0000  0.0013  0.0072  0.0023
  52  0.0032  0.0000  0.0003  0.0000  0.0004  0.0023  0.0010
  53  0.0005  0.0000  0.0002  0.0000  0.0002  0.0015  0.0009
  54  0.0068  0.0000  0.0001  0.0000  0.0004  0.0022  0.0011
  55  0.0031  0.0032  0.0039  0.0006  0.0830  0.0389  0.0058
  56  0.0522  0.0030  0.0023  0.0016  0.0256  0.0843  0.0120
      106      107      108      109      110      111      112    
   1  0.0090  0.0031  0.0045  0.0018  0.0005  0.0840  0.0344
   2  0.0046  0.0016  0.0023  0.0010  0.0002  0.0419  0.0114
   3  0.0041  0.0016  0.0025  0.0011  0.0003  0.0486  0.0112
   4  0.0037  0.0014  0.0025  0.0008  0.0003  0.0476  0.0127
   5  0.0107  0.0037  0.0059  0.0022  0.0006  0.0934  0.0189
   6  0.0103  0.0025  0.0029  0.0015  0.0004  0.0255  0.0007
   7  0.0090  0.0031  0.0024  0.0024  0.0000  0.0215  0.0007
   8  0.0089  0.0024  0.0046  0.0014  0.0006  0.0964  0.0298
   9  0.0054  0.0006  0.0003  0.0005  0.0001  0.0175  0.0081
  10  0.0088  0.0021  0.0004  0.0005  0.0001  0.0241  0.0086
  11  0.0076  0.0005  0.0013  0.0010  0.0006  0.1114  0.0222
  12  0.0004  0.0001  0.0011  0.0001  0.0002  0.0551  0.0037
  13  0.0018  0.0001  0.0011  0.0000  0.0004  0.0655  0.0041
  14  0.0063  0.0007  0.0962  0.0041  0.0005  0.0853  0.0245
  15  0.0033  0.0006  0.1342  0.0059  0.0000  0.0026  0.0096
  16  0.0031  0.0008  0.0655  0.0032  0.0000  0.0013  0.0000
  17  0.0020  0.0003  0.0707  0.0031  0.0000  0.0016  0.0000
  18  0.0017  0.0005  0.1265  0.0057  0.0000  0.0007  0.0162
  19  0.0008  0.0003  0.0687  0.0031  0.0000  0.0002  0.0056
  20  0.0006  0.0002  0.0685  0.0031  0.0000  0.0004  0.0067
  21  0.0008  0.0002  0.0723  0.0034  0.0000  0.0004  0.0063
  22  0.0099  0.0169  0.0970  0.0061  0.0003  0.0836  0.0289
  23  0.0041  0.0011  0.0497  0.0025  0.0002  0.0403  0.0068
  24  0.0013  0.0001  0.0562  0.0021  0.0001  0.0359  0.0069
  25  0.0059  0.0310  0.0114  0.0021  0.0001  0.0071  0.0021
  26  0.1188  0.5109  0.0024  0.0149  0.0012  0.0008  0.0014
  27  0.0255  0.0884  0.0008  0.0029  0.0000  0.0000  0.0002
  28  0.0013  0.0052  0.0000  0.0002  0.0000  0.0001  0.0001
  29  0.0007  0.0048  0.0001  0.0003  0.0000  0.0000  -0.0000
  30  0.0065  0.0455  0.0007  0.0117  0.0122  0.0001  0.0049
  31  0.0073  0.0331  0.0055  0.1076  0.0841  0.0006  0.0845
  32  0.0075  0.0029  0.0037  0.0659  0.0358  0.0003  0.0189
  33  0.0046  0.0039  0.0034  0.0601  0.0369  0.0002  0.0190
  34  0.0293  0.0100  0.0047  0.0913  0.0793  0.0005  0.0718
  35  0.0332  0.0045  0.0057  0.1172  0.0041  0.0003  0.0337
  36  0.0283  0.0006  0.0025  0.0541  0.0023  0.0002  0.0002
  37  0.0229  0.0039  0.0025  0.0616  0.0031  0.0003  0.0002
  38  0.0217  0.0006  0.0055  0.1151  0.0014  0.0003  0.0588
  39  0.0096  0.0005  0.0029  0.0649  0.0006  0.0002  0.0195
  40  0.0088  0.0001  0.0030  0.0617  0.0007  0.0001  0.0236
  41  0.0104  0.0002  0.0033  0.0653  0.0007  0.0002  0.0214
  42  0.0429  0.0167  0.0002  0.0010  0.1188  0.0005  0.0496
  43  0.0030  0.0000  0.0001  0.0002  0.0630  0.0002  0.0065
  44  0.0061  0.0003  0.0001  0.0002  0.0674  0.0004  0.0064
  45  0.0702  0.0258  0.0004  0.0042  0.0905  0.0006  0.0709
  46  0.0487  0.0144  0.0000  0.0001  0.0207  0.0003  0.0197
  47  0.0479  0.0152  0.0000  0.0001  0.0184  0.0002  0.0228
  48  0.0736  0.0293  0.0005  0.0070  0.0821  0.0004  0.0357
  49  0.0614  0.0211  0.0002  0.0040  0.0211  0.0000  0.0004
  50  0.0587  0.0285  0.0003  0.0050  0.0189  0.0001  0.0005
  51  0.0481  0.0215  0.0005  0.0084  0.0874  0.0003  0.0613
  52  0.0226  0.0110  0.0003  0.0049  0.0476  0.0001  0.0217
  53  0.0192  0.0095  0.0003  0.0045  0.0484  0.0002  0.0235
  54  0.0225  0.0112  0.0003  0.0047  0.0478  0.0002  0.0214
  55  0.0030  0.0007  0.0011  0.0000  0.0000  0.0001  0.0050
  56  0.0116  0.0043  0.0003  0.0021  0.0000  0.0000  0.0164
      113      114      115      116      117      118      119    
   1  0.0788  0.0739  0.0095  0.0306  0.0835  0.0007  0.0188
   2  0.0265  0.0178  0.0025  0.0051  0.0132  0.0001  0.0024
   3  0.0271  0.0163  0.0025  0.0051  0.0128  0.0001  0.0029
   4  0.0294  0.0185  0.0025  0.0048  0.0126  0.0001  0.0024
   5  0.0441  0.0566  0.0065  0.0574  0.1545  0.0020  0.0517
   6  0.0011  0.0115  0.0012  0.0088  0.0280  0.0003  0.0062
   7  0.0012  0.0105  0.0006  0.0079  0.0280  0.0002  0.0072
   8  0.0706  0.0331  0.0027  0.0445  0.0950  0.0038  0.1049
   9  0.0205  0.0024  0.0002  0.0073  0.0135  0.0006  0.0138
  10  0.0231  0.0026  0.0003  0.0081  0.0132  0.0007  0.0138
  11  0.0489  0.0826  0.0066  0.0111  0.0213  0.0053  0.1689
  12  0.0082  0.0184  0.0017  0.0003  0.0006  0.0005  0.0245
  13  0.0080  0.0174  0.0013  0.0005  0.0007  0.0007  0.0249
  14  0.0658  0.0624  0.0047  0.0183  0.0533  0.0078  0.2169
  15  0.0273  0.1182  0.0086  0.0288  0.0769  0.0048  0.1128
  16  0.0001  0.0193  0.0016  0.0046  0.0130  0.0008  0.0149
  17  0.0000  0.0211  0.0016  0.0052  0.0136  0.0007  0.0143
  18  0.0473  0.1672  0.0118  0.0159  0.0402  0.0018  0.0391
  19  0.0160  0.0412  0.0028  0.0026  0.0064  0.0002  0.0051
  20  0.0190  0.0438  0.0030  0.0024  0.0059  0.0002  0.0046
  21  0.0176  0.0398  0.0028  0.0024  0.0061  0.0003  0.0055
  22  0.0769  0.0283  0.0020  0.0053  0.0160  0.0024  0.0636
  23  0.0181  0.0041  0.0003  0.0006  0.0017  0.0002  0.0059
  24  0.0179  0.0060  0.0004  0.0003  0.0013  0.0003  0.0060
  25  0.0049  0.0014  0.0003  0.0003  0.0007  0.0001  0.0022
  26  0.0008  0.0002  0.0012  0.0004  0.0009  0.0002  0.0002
  27  0.0003  0.0000  0.0000  0.0000  0.0002  0.0000  0.0000
  28  0.0000  0.0000  0.0001  0.0000  0.0000  0.0000  0.0001
  29  0.0000  0.0000  0.0000  0.0000  0.0000  0.0000  0.0000
  30  0.0016  0.0000  0.0007  0.0006  0.0003  0.0014  0.0000
  31  0.0297  0.0014  0.0231  0.0171  0.0066  0.0555  0.0025
  32  0.0069  0.0004  0.0058  0.0016  0.0006  0.0047  0.0002
  33  0.0068  0.0003  0.0043  0.0021  0.0007  0.0053  0.0002
  34  0.0266  0.0045  0.0591  0.0557  0.0207  0.2039  0.0084
  35  0.0125  0.0082  0.1088  0.0787  0.0312  0.1089  0.0045
  36  0.0000  0.0017  0.0189  0.0134  0.0051  0.0147  0.0004
  37  0.0000  0.0019  0.0213  0.0141  0.0057  0.0142  0.0003
  38  0.0223  0.0098  0.1455  0.0418  0.0183  0.0387  0.0025
  39  0.0083  0.0019  0.0351  0.0065  0.0038  0.0052  0.0009
  40  0.0089  0.0024  0.0370  0.0062  0.0030  0.0046  0.0004
  41  0.0085  0.0020  0.0344  0.0065  0.0030  0.0053  0.0005
  42  0.0207  0.0084  0.0981  0.0178  0.0072  0.1586  0.0055
  43  0.0032  0.0022  0.0233  0.0000  0.0001  0.0218  0.0007
  44  0.0033  0.0024  0.0226  0.0000  0.0003  0.0227  0.0006
  45  0.0278  0.0039  0.0468  0.0885  0.0347  0.1153  0.0033
  46  0.0074  0.0003  0.0048  0.0136  0.0052  0.0156  0.0005
  47  0.0086  0.0003  0.0051  0.0150  0.0058  0.0148  0.0004
  48  0.0157  0.0066  0.0566  0.1515  0.0576  0.0716  0.0018
  49  0.0002  0.0008  0.0090  0.0247  0.0109  0.0098  0.0001
  50  0.0002  0.0010  0.0093  0.0251  0.0090  0.0100  0.0003
  51  0.0294  0.0101  0.0832  0.0882  0.0316  0.0243  0.0006
  52  0.0102  0.0025  0.0202  0.0144  0.0049  0.0032  0.0001
  53  0.0110  0.0027  0.0220  0.0139  0.0047  0.0026  0.0001
  54  0.0101  0.0025  0.0203  0.0145  0.0050  0.0031  0.0001
  55  0.0140  0.0069  0.0005  0.0026  0.0076  0.0011  0.0298
  56  0.0065  0.0002  0.0048  0.0070  0.0033  0.0283  0.0015


 Sorting 119 crystal orbitals.


# ******** Extended Hueckel Parameters ********
;  FORMAT  quantum number orbital: Hii, <c1>, exponent1, <c2>, <exponent2>

ATOM: C   Atomic number: 6  # Valence Electrons: 4
	2S:   -21.4000     1.6250
	2P:   -11.4000     1.6250
ATOM: H   Atomic number: 1  # Valence Electrons: 1
	1S:   -13.6000     1.3000
ATOM: O   Atomic number: 8  # Valence Electrons: 6
	2S:   -32.3000     2.2750
	2P:   -14.8000     2.2750
ATOM: P   Atomic number: 15  # Valence Electrons: 5
	3S:   -18.6000     1.7500
	3P:   -14.0000     1.3000

### TOTAL DENSITY OF STATES 
238 states are present.
#BEGIN CURVE
1.000000 -35.655869
1.000000 -34.373798
1.000000 -34.273300
1.000000 -33.923149
1.000000 -28.769812
1.000000 -28.682299
1.000000 -27.561956
1.000000 -27.518381
1.000000 -25.779179
1.000000 -25.728844
1.000000 -24.362669
1.000000 -24.291769
1.000000 -22.532312
1.000000 -22.255991
1.000000 -21.843616
1.000000 -21.703735
1.000000 -20.560333
1.000000 -20.268950
1.000000 -19.188126
1.000000 -19.073822
1.000000 -17.661219
1.000000 -16.937145
1.000000 -16.722120
1.000000 -16.517422
1.000000 -16.348137
1.000000 -16.304634
1.000000 -16.205437
1.000000 -16.069376
1.000000 -16.008699
1.000000 -15.856090
1.000000 -15.802586
1.000000 -15.717974
1.000000 -15.680302
1.000000 -15.642579
1.000000 -15.586543
1.000000 -15.423880
1.000000 -15.272090
1.000000 -15.197672
1.000000 -15.121405
1.000000 -15.032343
1.000000 -14.958116
1.000000 -14.901236
1.000000 -14.866490
1.000000 -14.809577
1.000000 -14.742739
1.000000 -14.725611
1.000000 -14.673304
1.000000 -14.645972
1.000000 -14.538358
1.000000 -14.410362
1.000000 -14.361496
1.000000 -14.343468
1.000000 -14.326926
1.000000 -14.272341
1.000000 -14.097970
1.000000 -14.008996
1.000000 -13.946649
1.000000 -13.846661
1.000000 -13.717369
1.000000 -13.521380
1.000000 -13.223228
1.000000 -13.078809
1.000000 -13.000549
1.000000 -12.978945
1.000000 -0.460434
1.000000 -0.395449
1.000000 0.935402
1.000000 0.996734
1.000000 1.048761
1.000000 1.373060
1.000000 1.765471
1.000000 1.917166
1.000000 2.164680
1.000000 2.527346
1.000000 2.685637
1.000000 2.740122
1.000000 2.845736
1.000000 2.884125
1.000000 2.951647
1.000000 3.420041
1.000000 3.928523
1.000000 4.054818
1.000000 4.629702
1.000000 4.709864
1.000000 5.097352
1.000000 5.243866
1.000000 5.390620
1.000000 5.595865
1.000000 5.621950
1.000000 5.826723
1.000000 6.185312
1.000000 6.621208
1.000000 6.789114
1.000000 7.149535
1.000000 7.499934
1.000000 7.739053
1.000000 7.860269
1.000000 8.398683
1.000000 8.768730
1.000000 14.621072
1.000000 16.143848
1.000000 17.643114
1.000000 20.053434
1.000000 20.435497
1.000000 24.119492
1.000000 24.518444
1.000000 25.802094
1.000000 28.581446
1.000000 29.119915
1.000000 30.379801
1.000000 31.608656
1.000000 37.186726
1.000000 37.375965
1.000000 40.791950
1.000000 41.067154
1.000000 45.825863
1.000000 46.332218
1.000000 49.385403
1.000000 49.570122
#END CURVE
# END OF DOS


;  The Fermi Level was determined for 1 K points based on
;     an ordering of 119 crystal orbitals occupied by 128.000000 electrons
;      in the unit cell (128.000000 electrons total)
#Fermi_Energy:  -12.978945
#Average Energy:  -2354.904222 eV

# Atomic Orbital Occupations
;        s      px      py      pz    dx2-y2    dz2     dxy     dxz     dyz
1 C  1.2043  0.9534  0.9577  0.9533  0.0000  0.0000  0.0000  0.0000  0.0000 
2 H  0.9818  0.0000  0.0000  0.0000  0.0000  0.0000  0.0000  0.0000  0.0000 
3 H  0.9790  0.0000  0.0000  0.0000  0.0000  0.0000  0.0000  0.0000  0.0000 
4 H  0.9821  0.0000  0.0000  0.0000  0.0000  0.0000  0.0000  0.0000  0.0000 
5 C  1.1797  0.9505  0.9394  0.9418  0.0000  0.0000  0.0000  0.0000  0.0000 
6 H  0.9904  0.0000  0.0000  0.0000  0.0000  0.0000  0.0000  0.0000  0.0000 
7 H  0.9878  0.0000  0.0000  0.0000  0.0000  0.0000  0.0000  0.0000  0.0000 
8 C  1.1809  0.9422  0.9469  0.9476  0.0000  0.0000  0.0000  0.0000  0.0000 
9 H  0.9920  0.0000  0.0000  0.0000  0.0000  0.0000  0.0000  0.0000  0.0000 
10 H  0.9880  0.0000  0.0000  0.0000  0.0000  0.0000  0.0000  0.0000  0.0000 
11 C  1.1823  0.9420  0.9512  0.9539  0.0000  0.0000  0.0000  0.0000  0.0000 
12 H  0.9883  0.0000  0.0000  0.0000  0.0000  0.0000  0.0000  0.0000  0.0000 
13 H  0.9880  0.0000  0.0000  0.0000  0.0000  0.0000  0.0000  0.0000  0.0000 
14 C  1.1556  0.9447  0.9479  0.9325  0.0000  0.0000  0.0000  0.0000  0.0000 
15 C  1.1806  0.9403  0.9445  0.9462  0.0000  0.0000  0.0000  0.0000  0.0000 
16 H  0.9908  0.0000  0.0000  0.0000  0.0000  0.0000  0.0000  0.0000  0.0000 
17 H  0.9919  0.0000  0.0000  0.0000  0.0000  0.0000  0.0000  0.0000  0.0000 
18 C  1.2043  0.9573  0.9580  0.9523  0.0000  0.0000  0.0000  0.0000  0.0000 
19 H  0.9816  0.0000  0.0000  0.0000  0.0000  0.0000  0.0000  0.0000  0.0000 
20 H  0.9821  0.0000  0.0000  0.0000  0.0000  0.0000  0.0000  0.0000  0.0000 
21 H  0.9789  0.0000  0.0000  0.0000  0.0000  0.0000  0.0000  0.0000  0.0000 
22 C  1.1420  0.7679  0.9138  0.7386  0.0000  0.0000  0.0000  0.0000  0.0000 
23 H  0.9977  0.0000  0.0000  0.0000  0.0000  0.0000  0.0000  0.0000  0.0000 
24 H  0.9900  0.0000  0.0000  0.0000  0.0000  0.0000  0.0000  0.0000  0.0000 
25 O  1.6053  1.6550  1.8482  1.8129  0.0000  0.0000  0.0000  0.0000  0.0000 
26 P  0.7237  0.4789  0.5240  0.5144  0.0000  0.0000  0.0000  0.0000  0.0000 
27 O  1.6471  1.9127  1.9390  1.8767  0.0000  0.0000  0.0000  0.0000  0.0000 
28 O  1.5998  1.7193  1.7852  1.7943  0.0000  0.0000  0.0000  0.0000  0.0000 
29 H  0.5598  0.0000  0.0000  0.0000  0.0000  0.0000  0.0000  0.0000  0.0000 
30 O  1.6059  1.6646  1.8355  1.8233  0.0000  0.0000  0.0000  0.0000  0.0000 
31 C  1.1440  0.6804  0.8178  0.9207  0.0000  0.0000  0.0000  0.0000  0.0000 
32 H  0.9903  0.0000  0.0000  0.0000  0.0000  0.0000  0.0000  0.0000  0.0000 
33 H  1.0004  0.0000  0.0000  0.0000  0.0000  0.0000  0.0000  0.0000  0.0000 
34 C  1.1559  0.9357  0.9540  0.9356  0.0000  0.0000  0.0000  0.0000  0.0000 
35 C  1.1810  0.9445  0.9406  0.9463  0.0000  0.0000  0.0000  0.0000  0.0000 
36 H  0.9917  0.0000  0.0000  0.0000  0.0000  0.0000  0.0000  0.0000  0.0000 
37 H  0.9891  0.0000  0.0000  0.0000  0.0000  0.0000  0.0000  0.0000  0.0000 
38 C  1.2049  0.9542  0.9599  0.9549  0.0000  0.0000  0.0000  0.0000  0.0000 
39 H  0.9788  0.0000  0.0000  0.0000  0.0000  0.0000  0.0000  0.0000  0.0000 
40 H  0.9822  0.0000  0.0000  0.0000  0.0000  0.0000  0.0000  0.0000  0.0000 
41 H  0.9791  0.0000  0.0000  0.0000  0.0000  0.0000  0.0000  0.0000  0.0000 
42 C  1.1829  0.9414  0.9476  0.9469  0.0000  0.0000  0.0000  0.0000  0.0000 
43 H  0.9932  0.0000  0.0000  0.0000  0.0000  0.0000  0.0000  0.0000  0.0000 
44 H  0.9906  0.0000  0.0000  0.0000  0.0000  0.0000  0.0000  0.0000  0.0000 
45 C  1.1807  0.9508  0.9422  0.9444  0.0000  0.0000  0.0000  0.0000  0.0000 
46 H  0.9893  0.0000  0.0000  0.0000  0.0000  0.0000  0.0000  0.0000  0.0000 
47 H  0.9922  0.0000  0.0000  0.0000  0.0000  0.0000  0.0000  0.0000  0.0000 
48 C  1.1790  0.9432  0.9443  0.9454  0.0000  0.0000  0.0000  0.0000  0.0000 
49 H  0.9887  0.0000  0.0000  0.0000  0.0000  0.0000  0.0000  0.0000  0.0000 
50 H  0.9878  0.0000  0.0000  0.0000  0.0000  0.0000  0.0000  0.0000  0.0000 
51 C  1.2042  0.9583  0.9530  0.9523  0.0000  0.0000  0.0000  0.0000  0.0000 
52 H  0.9815  0.0000  0.0000  0.0000  0.0000  0.0000  0.0000  0.0000  0.0000 
53 H  0.9823  0.0000  0.0000  0.0000  0.0000  0.0000  0.0000  0.0000  0.0000 
54 H  0.9816  0.0000  0.0000  0.0000  0.0000  0.0000  0.0000  0.0000  0.0000 
55 H  0.9956  0.0000  0.0000  0.0000  0.0000  0.0000  0.0000  0.0000  0.0000 
56 H  0.9893  0.0000  0.0000  0.0000  0.0000  0.0000  0.0000  0.0000  0.0000 

# AVERAGE NET CHARGES
1 C -0.068788
2 H 0.018238
3 H 0.021046
4 H 0.017900
5 C -0.011340
6 H 0.009616
7 H 0.012207
8 C -0.017608
9 H 0.007997
10 H 0.012021
11 C -0.029388
12 H 0.011742
13 H 0.011963
14 C 0.019337
15 C -0.011555
16 H 0.009201
17 H 0.008076
18 C -0.071888
19 H 0.018399
20 H 0.017886
21 H 0.021128
22 C 0.437745
23 H 0.002324
24 H 0.010028
25 O -0.921517
26 P 2.758950
27 O -1.375527
28 O -0.898680
29 H 0.440216
30 O -0.929338
31 C 0.437132
32 H 0.009711
33 H -0.000365
34 C 0.018826
35 C -0.012425
36 H 0.008302
37 H 0.010914
38 C -0.073816
39 H 0.021237
40 H 0.017829
41 H 0.020943
42 C -0.018854
43 H 0.006821
44 H 0.009424
45 C -0.018149
46 H 0.010682
47 H 0.007849
48 C -0.011849
49 H 0.011273
50 H 0.012179
51 C -0.067863
52 H 0.018509
53 H 0.017731
54 H 0.018426
55 H 0.004449
56 H 0.010695
There are a total of 128.000000 electrons.
Done!
